[debug] [2025-08-10T05:33:30.197Z] ----------------------------------------------------------------------
[debug] [2025-08-10T05:33:30.199Z] Command:       /opt/homebrew/Cellar/node/22.9.0/bin/node /opt/homebrew/bin/firebase deploy --only functions
[debug] [2025-08-10T05:33:30.199Z] CLI Version:   14.12.0
[debug] [2025-08-10T05:33:30.199Z] Platform:      darwin
[debug] [2025-08-10T05:33:30.199Z] Node Version:  v22.9.0
[debug] [2025-08-10T05:33:30.200Z] Time:          Sun Aug 10 2025 01:33:30 GMT-0400 (Eastern Daylight Time)
[debug] [2025-08-10T05:33:30.200Z] ----------------------------------------------------------------------
[debug] 
[debug] [2025-08-10T05:33:30.326Z] > command requires scopes: ["email","openid","https://www.googleapis.com/auth/cloudplatformprojects.readonly","https://www.googleapis.com/auth/firebase","https://www.googleapis.com/auth/cloud-platform"]
[debug] [2025-08-10T05:33:30.327Z] > authorizing via signed-in user (saqib@dineplatform.com)
[debug] [2025-08-10T05:33:30.327Z] [iam] checking project dp-2025-test5-14cb28 for permissions ["cloudfunctions.functions.create","cloudfunctions.functions.delete","cloudfunctions.functions.get","cloudfunctions.functions.list","cloudfunctions.functions.update","cloudfunctions.operations.get","firebase.projects.get"]
[debug] [2025-08-10T05:33:30.327Z] No OAuth tokens found
[debug] [2025-08-10T05:33:30.327Z] No OAuth tokens found
[debug] [2025-08-10T05:33:30.327Z] > refreshing access token with scopes: []
[debug] [2025-08-10T05:33:30.328Z] >>> [apiv2][query] POST https://www.googleapis.com/oauth2/v3/token [none]
[debug] [2025-08-10T05:33:30.328Z] >>> [apiv2][body] POST https://www.googleapis.com/oauth2/v3/token [omitted]
[debug] [2025-08-10T05:33:30.480Z] <<< [apiv2][status] POST https://www.googleapis.com/oauth2/v3/token 200
[debug] [2025-08-10T05:33:30.481Z] <<< [apiv2][body] POST https://www.googleapis.com/oauth2/v3/token [omitted]
[debug] [2025-08-10T05:33:30.485Z] >>> [apiv2][query] POST https://cloudresourcemanager.googleapis.com/v1/projects/dp-2025-test5-14cb28:testIamPermissions [none]
[debug] [2025-08-10T05:33:30.485Z] >>> [apiv2][(partial)header] POST https://cloudresourcemanager.googleapis.com/v1/projects/dp-2025-test5-14cb28:testIamPermissions x-goog-quota-user=projects/dp-2025-test5-14cb28
[debug] [2025-08-10T05:33:30.485Z] >>> [apiv2][body] POST https://cloudresourcemanager.googleapis.com/v1/projects/dp-2025-test5-14cb28:testIamPermissions {"permissions":["cloudfunctions.functions.create","cloudfunctions.functions.delete","cloudfunctions.functions.get","cloudfunctions.functions.list","cloudfunctions.functions.update","cloudfunctions.operations.get","firebase.projects.get"]}
[debug] [2025-08-10T05:33:30.650Z] <<< [apiv2][status] POST https://cloudresourcemanager.googleapis.com/v1/projects/dp-2025-test5-14cb28:testIamPermissions 200
[debug] [2025-08-10T05:33:30.650Z] <<< [apiv2][body] POST https://cloudresourcemanager.googleapis.com/v1/projects/dp-2025-test5-14cb28:testIamPermissions {"permissions":["cloudfunctions.functions.create","cloudfunctions.functions.delete","cloudfunctions.functions.get","cloudfunctions.functions.list","cloudfunctions.functions.update","cloudfunctions.operations.get","firebase.projects.get"]}
[debug] [2025-08-10T05:33:30.650Z] Checked if tokens are valid: true, expires at: 1754807609481
[debug] [2025-08-10T05:33:30.650Z] Checked if tokens are valid: true, expires at: 1754807609481
[debug] [2025-08-10T05:33:30.651Z] >>> [apiv2][query] POST https://iam.googleapis.com/v1/projects/dp-2025-test5-14cb28/serviceAccounts/dp-2025-test5-14cb28@appspot.gserviceaccount.com:testIamPermissions [none]
[debug] [2025-08-10T05:33:30.651Z] >>> [apiv2][body] POST https://iam.googleapis.com/v1/projects/dp-2025-test5-14cb28/serviceAccounts/dp-2025-test5-14cb28@appspot.gserviceaccount.com:testIamPermissions {"permissions":["iam.serviceAccounts.actAs"]}
[debug] [2025-08-10T05:33:30.966Z] <<< [apiv2][status] POST https://iam.googleapis.com/v1/projects/dp-2025-test5-14cb28/serviceAccounts/dp-2025-test5-14cb28@appspot.gserviceaccount.com:testIamPermissions 200
[debug] [2025-08-10T05:33:30.966Z] <<< [apiv2][body] POST https://iam.googleapis.com/v1/projects/dp-2025-test5-14cb28/serviceAccounts/dp-2025-test5-14cb28@appspot.gserviceaccount.com:testIamPermissions {"permissions":["iam.serviceAccounts.actAs"]}
[info] 
[info] === Deploying to 'dp-2025-test5-14cb28'...
[info] 
[info] i  deploying functions 
[debug] [2025-08-10T05:33:30.969Z] Checked if tokens are valid: true, expires at: 1754807609481
[debug] [2025-08-10T05:33:30.969Z] Checked if tokens are valid: true, expires at: 1754807609481
[debug] [2025-08-10T05:33:30.969Z] >>> [apiv2][query] GET https://cloudresourcemanager.googleapis.com/v1/projects/dp-2025-test5-14cb28 [none]
[debug] [2025-08-10T05:33:31.114Z] <<< [apiv2][status] GET https://cloudresourcemanager.googleapis.com/v1/projects/dp-2025-test5-14cb28 200
[debug] [2025-08-10T05:33:31.114Z] <<< [apiv2][body] GET https://cloudresourcemanager.googleapis.com/v1/projects/dp-2025-test5-14cb28 {"projectNumber":"608372000714","projectId":"dp-2025-test5-14cb28","lifecycleState":"ACTIVE","name":"Test 5","labels":{"firebase":"enabled","firebase-core":"disabled"},"createTime":"2025-08-10T05:15:28.080620Z","parent":{"type":"organization","id":"846063889800"}}
[info] i  functions: preparing codebase default for deployment 
[info] i  functions: ensuring required API cloudfunctions.googleapis.com is enabled... 
[debug] [2025-08-10T05:33:31.115Z] Checked if tokens are valid: true, expires at: 1754807609481
[debug] [2025-08-10T05:33:31.115Z] Checked if tokens are valid: true, expires at: 1754807609481
[debug] [2025-08-10T05:33:31.115Z] Checked if tokens are valid: true, expires at: 1754807609481
[debug] [2025-08-10T05:33:31.115Z] Checked if tokens are valid: true, expires at: 1754807609481
[info] i  functions: ensuring required API cloudbuild.googleapis.com is enabled... 
[debug] [2025-08-10T05:33:31.116Z] Checked if tokens are valid: true, expires at: 1754807609481
[debug] [2025-08-10T05:33:31.116Z] Checked if tokens are valid: true, expires at: 1754807609481
[info] i  artifactregistry: ensuring required API artifactregistry.googleapis.com is enabled... 
[debug] [2025-08-10T05:33:31.116Z] Checked if tokens are valid: true, expires at: 1754807609481
[debug] [2025-08-10T05:33:31.116Z] Checked if tokens are valid: true, expires at: 1754807609481
[debug] [2025-08-10T05:33:31.116Z] >>> [apiv2][query] GET https://serviceusage.googleapis.com/v1/projects/dp-2025-test5-14cb28/services/cloudfunctions.googleapis.com [none]
[debug] [2025-08-10T05:33:31.116Z] >>> [apiv2][(partial)header] GET https://serviceusage.googleapis.com/v1/projects/dp-2025-test5-14cb28/services/cloudfunctions.googleapis.com x-goog-quota-user=projects/dp-2025-test5-14cb28
[debug] [2025-08-10T05:33:31.117Z] >>> [apiv2][query] GET https://serviceusage.googleapis.com/v1/projects/dp-2025-test5-14cb28/services/runtimeconfig.googleapis.com [none]
[debug] [2025-08-10T05:33:31.117Z] >>> [apiv2][(partial)header] GET https://serviceusage.googleapis.com/v1/projects/dp-2025-test5-14cb28/services/runtimeconfig.googleapis.com x-goog-quota-user=projects/dp-2025-test5-14cb28
[debug] [2025-08-10T05:33:31.118Z] >>> [apiv2][query] GET https://serviceusage.googleapis.com/v1/projects/dp-2025-test5-14cb28/services/cloudbuild.googleapis.com [none]
[debug] [2025-08-10T05:33:31.118Z] >>> [apiv2][(partial)header] GET https://serviceusage.googleapis.com/v1/projects/dp-2025-test5-14cb28/services/cloudbuild.googleapis.com x-goog-quota-user=projects/dp-2025-test5-14cb28
[debug] [2025-08-10T05:33:31.118Z] >>> [apiv2][query] GET https://serviceusage.googleapis.com/v1/projects/dp-2025-test5-14cb28/services/artifactregistry.googleapis.com [none]
[debug] [2025-08-10T05:33:31.118Z] >>> [apiv2][(partial)header] GET https://serviceusage.googleapis.com/v1/projects/dp-2025-test5-14cb28/services/artifactregistry.googleapis.com x-goog-quota-user=projects/dp-2025-test5-14cb28
[debug] [2025-08-10T05:33:31.582Z] <<< [apiv2][status] GET https://serviceusage.googleapis.com/v1/projects/dp-2025-test5-14cb28/services/cloudbuild.googleapis.com 200
[debug] [2025-08-10T05:33:31.582Z] <<< [apiv2][body] GET https://serviceusage.googleapis.com/v1/projects/dp-2025-test5-14cb28/services/cloudbuild.googleapis.com [omitted]
[info] ✔  functions: required API cloudbuild.googleapis.com is enabled 
[debug] [2025-08-10T05:33:31.592Z] <<< [apiv2][status] GET https://serviceusage.googleapis.com/v1/projects/dp-2025-test5-14cb28/services/runtimeconfig.googleapis.com 200
[debug] [2025-08-10T05:33:31.592Z] <<< [apiv2][body] GET https://serviceusage.googleapis.com/v1/projects/dp-2025-test5-14cb28/services/runtimeconfig.googleapis.com [omitted]
[debug] [2025-08-10T05:33:31.597Z] <<< [apiv2][status] GET https://serviceusage.googleapis.com/v1/projects/dp-2025-test5-14cb28/services/cloudfunctions.googleapis.com 200
[debug] [2025-08-10T05:33:31.597Z] <<< [apiv2][body] GET https://serviceusage.googleapis.com/v1/projects/dp-2025-test5-14cb28/services/cloudfunctions.googleapis.com [omitted]
[info] ✔  functions: required API cloudfunctions.googleapis.com is enabled 
[debug] [2025-08-10T05:33:31.604Z] <<< [apiv2][status] GET https://serviceusage.googleapis.com/v1/projects/dp-2025-test5-14cb28/services/artifactregistry.googleapis.com 200
[debug] [2025-08-10T05:33:31.604Z] <<< [apiv2][body] GET https://serviceusage.googleapis.com/v1/projects/dp-2025-test5-14cb28/services/artifactregistry.googleapis.com [omitted]
[info] ✔  artifactregistry: required API artifactregistry.googleapis.com is enabled 
[debug] [2025-08-10T05:33:31.609Z] Checked if tokens are valid: true, expires at: 1754807609481
[debug] [2025-08-10T05:33:31.609Z] Checked if tokens are valid: true, expires at: 1754807609481
[debug] [2025-08-10T05:33:31.609Z] >>> [apiv2][query] GET https://firebase.googleapis.com/v1beta1/projects/dp-2025-test5-14cb28/adminSdkConfig [none]
[debug] [2025-08-10T05:33:31.906Z] <<< [apiv2][status] GET https://firebase.googleapis.com/v1beta1/projects/dp-2025-test5-14cb28/adminSdkConfig 200
[debug] [2025-08-10T05:33:31.906Z] <<< [apiv2][body] GET https://firebase.googleapis.com/v1beta1/projects/dp-2025-test5-14cb28/adminSdkConfig {"projectId":"dp-2025-test5-14cb28","storageBucket":"dp-2025-test5-14cb28.firebasestorage.app"}
[debug] [2025-08-10T05:33:31.907Z] Checked if tokens are valid: true, expires at: 1754807609481
[debug] [2025-08-10T05:33:31.907Z] Checked if tokens are valid: true, expires at: 1754807609481
[debug] [2025-08-10T05:33:31.908Z] >>> [apiv2][query] GET https://runtimeconfig.googleapis.com/v1beta1/projects/dp-2025-test5-14cb28/configs [none]
[debug] [2025-08-10T05:33:32.294Z] <<< [apiv2][status] GET https://runtimeconfig.googleapis.com/v1beta1/projects/dp-2025-test5-14cb28/configs 200
[debug] [2025-08-10T05:33:32.295Z] <<< [apiv2][body] GET https://runtimeconfig.googleapis.com/v1beta1/projects/dp-2025-test5-14cb28/configs {}
[debug] [2025-08-10T05:33:32.298Z] Validating nodejs source
[warn] ⚠  functions: package.json indicates an outdated version of firebase-functions. Please upgrade using npm install --save firebase-functions@latest in your functions directory. 
[warn] ⚠  functions: Please note that there will be breaking changes when you upgrade. 
[debug] [2025-08-10T05:33:33.281Z] > [functions] package.json contents: {
  "name": "test-function",
  "version": "1.0.0",
  "main": "index.js",
  "engines": {
    "node": "20"
  },
  "dependencies": {
    "firebase-functions": "^5.1.1"
  }
}
[debug] [2025-08-10T05:33:33.281Z] Building nodejs source
[info] i  functions: Loading and analyzing source code for codebase default to determine what to deploy 
[info] i  functions: You are using a version of firebase-functions SDK (4.9.0) that does not have support for the newest Firebase Extensions features. Please update firebase-functions SDK to >=5.1.0 to use them correctly 
[debug] [2025-08-10T05:33:33.282Z] Could not find functions.yaml. Must use http discovery
[debug] [2025-08-10T05:33:33.295Z] Found firebase-functions binary at '/Users/saqib/Documents/GitHub/instance-functions/test-cf/node_modules/.bin/firebase-functions'
[info] Serving at port 8291

[debug] [2025-08-10T05:33:33.639Z] Got response from /__/functions.yaml {"endpoints":{"testFunction2":{"availableMemoryMb":null,"timeoutSeconds":null,"minInstances":null,"maxInstances":null,"ingressSettings":null,"concurrency":null,"serviceAccountEmail":null,"vpc":null,"platform":"gcfv2","region":["europe-west2"],"labels":{},"httpsTrigger":{},"entryPoint":"testFunction2"}},"specVersion":"v1alpha1","requiredAPIs":[]}
[info] i  functions: preparing . directory for uploading... 
[info] i  functions: packaged /Users/saqib/Documents/GitHub/instance-functions/test-cf (31.31 KB) for uploading 
[debug] [2025-08-10T05:33:37.679Z] Checked if tokens are valid: true, expires at: 1754807609481
[debug] [2025-08-10T05:33:37.679Z] Checked if tokens are valid: true, expires at: 1754807609481
[debug] [2025-08-10T05:33:37.679Z] >>> [apiv2][query] GET https://cloudfunctions.googleapis.com/v1/projects/dp-2025-test5-14cb28/locations/-/functions [none]
[debug] [2025-08-10T05:33:38.299Z] <<< [apiv2][status] GET https://cloudfunctions.googleapis.com/v1/projects/dp-2025-test5-14cb28/locations/-/functions 200
[debug] [2025-08-10T05:33:38.300Z] <<< [apiv2][body] GET https://cloudfunctions.googleapis.com/v1/projects/dp-2025-test5-14cb28/locations/-/functions {}
[debug] [2025-08-10T05:33:38.300Z] Checked if tokens are valid: true, expires at: 1754807609481
[debug] [2025-08-10T05:33:38.300Z] Checked if tokens are valid: true, expires at: 1754807609481
[debug] [2025-08-10T05:33:38.301Z] >>> [apiv2][query] GET https://cloudfunctions.googleapis.com/v2/projects/dp-2025-test5-14cb28/locations/-/functions filter=environment%3D%22GEN_2%22
[debug] [2025-08-10T05:33:38.817Z] <<< [apiv2][status] GET https://cloudfunctions.googleapis.com/v2/projects/dp-2025-test5-14cb28/locations/-/functions 200
[debug] [2025-08-10T05:33:38.817Z] <<< [apiv2][body] GET https://cloudfunctions.googleapis.com/v2/projects/dp-2025-test5-14cb28/locations/-/functions {"functions":[{"name":"projects/dp-2025-test5-14cb28/locations/europe-west2/functions/testFunction2","buildConfig":{"build":"projects/608372000714/locations/europe-west2/builds/c4b990c5-2fdb-427b-8a6c-f93693caa6c1","runtime":"nodejs20","entryPoint":"testFunction2","source":{"storageSource":{"bucket":"gcf-v2-sources-608372000714-europe-west2","object":"testFunction2/function-source.zip","generation":"1754803563007716"}},"environmentVariables":{"GOOGLE_NODE_RUN_SCRIPTS":""},"dockerRepository":"projects/dp-2025-test5-14cb28/locations/europe-west2/repositories/gcf-artifacts","sourceProvenance":{"resolvedStorageSource":{"bucket":"gcf-v2-sources-608372000714-europe-west2","object":"testFunction2/function-source.zip","generation":"1754803563007716"}},"dockerRegistry":"ARTIFACT_REGISTRY","serviceAccount":"projects/dp-2025-test5-14cb28/serviceAccounts/608372000714-compute@developer.gserviceaccount.com","automaticUpdatePolicy":{}},"state":"FAILED","updateTime":"2025-08-10T05:26:29.437726629Z","labels":{"deployment-tool":"cli-firebase","firebase-functions-hash":"3f166d5f17c868ed938aba33a9fe5baefb9363fa"},"stateMessages":[{"severity":"ERROR","type":"CloudRunServiceNotFound","message":"Cloud Run service projects/dp-2025-test5-14cb28/locations/europe-west2/services/testfunction2 for the function was not found. The function will not work correctly. Please redeploy."}],"environment":"GEN_2","url":"https://europe-west2-dp-2025-test5-14cb28.cloudfunctions.net/testFunction2","satisfiesPzs":true,"createTime":"2025-08-10T05:26:03.528113585Z","satisfiesPzi":true}]}
[info] i  functions: ensuring required API run.googleapis.com is enabled... 
[debug] [2025-08-10T05:33:38.821Z] Checked if tokens are valid: true, expires at: 1754807609481
[debug] [2025-08-10T05:33:38.821Z] Checked if tokens are valid: true, expires at: 1754807609481
[info] i  functions: ensuring required API eventarc.googleapis.com is enabled... 
[debug] [2025-08-10T05:33:38.822Z] Checked if tokens are valid: true, expires at: 1754807609481
[debug] [2025-08-10T05:33:38.822Z] Checked if tokens are valid: true, expires at: 1754807609481
[info] i  functions: ensuring required API pubsub.googleapis.com is enabled... 
[debug] [2025-08-10T05:33:38.822Z] Checked if tokens are valid: true, expires at: 1754807609481
[debug] [2025-08-10T05:33:38.823Z] Checked if tokens are valid: true, expires at: 1754807609481
[info] i  functions: ensuring required API storage.googleapis.com is enabled... 
[debug] [2025-08-10T05:33:38.823Z] Checked if tokens are valid: true, expires at: 1754807609481
[debug] [2025-08-10T05:33:38.823Z] Checked if tokens are valid: true, expires at: 1754807609481
[debug] [2025-08-10T05:33:38.823Z] >>> [apiv2][query] GET https://serviceusage.googleapis.com/v1/projects/608372000714/services/run.googleapis.com [none]
[debug] [2025-08-10T05:33:38.823Z] >>> [apiv2][(partial)header] GET https://serviceusage.googleapis.com/v1/projects/608372000714/services/run.googleapis.com x-goog-quota-user=projects/608372000714
[debug] [2025-08-10T05:33:38.824Z] >>> [apiv2][query] GET https://serviceusage.googleapis.com/v1/projects/608372000714/services/eventarc.googleapis.com [none]
[debug] [2025-08-10T05:33:38.824Z] >>> [apiv2][(partial)header] GET https://serviceusage.googleapis.com/v1/projects/608372000714/services/eventarc.googleapis.com x-goog-quota-user=projects/608372000714
[debug] [2025-08-10T05:33:38.824Z] >>> [apiv2][query] GET https://serviceusage.googleapis.com/v1/projects/608372000714/services/pubsub.googleapis.com [none]
[debug] [2025-08-10T05:33:38.824Z] >>> [apiv2][(partial)header] GET https://serviceusage.googleapis.com/v1/projects/608372000714/services/pubsub.googleapis.com x-goog-quota-user=projects/608372000714
[debug] [2025-08-10T05:33:38.825Z] >>> [apiv2][query] GET https://serviceusage.googleapis.com/v1/projects/608372000714/services/storage.googleapis.com [none]
[debug] [2025-08-10T05:33:38.825Z] >>> [apiv2][(partial)header] GET https://serviceusage.googleapis.com/v1/projects/608372000714/services/storage.googleapis.com x-goog-quota-user=projects/608372000714
[debug] [2025-08-10T05:33:39.320Z] <<< [apiv2][status] GET https://serviceusage.googleapis.com/v1/projects/608372000714/services/run.googleapis.com 200
[debug] [2025-08-10T05:33:39.320Z] <<< [apiv2][body] GET https://serviceusage.googleapis.com/v1/projects/608372000714/services/run.googleapis.com [omitted]
[info] ✔  functions: required API run.googleapis.com is enabled 
[debug] [2025-08-10T05:33:39.329Z] <<< [apiv2][status] GET https://serviceusage.googleapis.com/v1/projects/608372000714/services/eventarc.googleapis.com 200
[debug] [2025-08-10T05:33:39.329Z] <<< [apiv2][body] GET https://serviceusage.googleapis.com/v1/projects/608372000714/services/eventarc.googleapis.com [omitted]
[info] ✔  functions: required API eventarc.googleapis.com is enabled 
[debug] [2025-08-10T05:33:39.335Z] <<< [apiv2][status] GET https://serviceusage.googleapis.com/v1/projects/608372000714/services/pubsub.googleapis.com 200
[debug] [2025-08-10T05:33:39.335Z] <<< [apiv2][body] GET https://serviceusage.googleapis.com/v1/projects/608372000714/services/pubsub.googleapis.com [omitted]
[info] ✔  functions: required API pubsub.googleapis.com is enabled 
[debug] [2025-08-10T05:33:39.340Z] <<< [apiv2][status] GET https://serviceusage.googleapis.com/v1/projects/608372000714/services/storage.googleapis.com 200
[debug] [2025-08-10T05:33:39.340Z] <<< [apiv2][body] GET https://serviceusage.googleapis.com/v1/projects/608372000714/services/storage.googleapis.com [omitted]
[info] ✔  functions: required API storage.googleapis.com is enabled 
[info] i  functions: generating the service identity for pubsub.googleapis.com... 
[debug] [2025-08-10T05:33:39.346Z] Checked if tokens are valid: true, expires at: 1754807609481
[debug] [2025-08-10T05:33:39.346Z] Checked if tokens are valid: true, expires at: 1754807609481
[info] i  functions: generating the service identity for eventarc.googleapis.com... 
[debug] [2025-08-10T05:33:39.346Z] Checked if tokens are valid: true, expires at: 1754807609481
[debug] [2025-08-10T05:33:39.346Z] Checked if tokens are valid: true, expires at: 1754807609481
[debug] [2025-08-10T05:33:39.346Z] >>> [apiv2][query] POST https://serviceusage.googleapis.com/v1beta1/projects/608372000714/services/pubsub.googleapis.com:generateServiceIdentity [none]
[debug] [2025-08-10T05:33:39.346Z] >>> [apiv2][(partial)header] POST https://serviceusage.googleapis.com/v1beta1/projects/608372000714/services/pubsub.googleapis.com:generateServiceIdentity x-goog-quota-user=projects/608372000714
[debug] [2025-08-10T05:33:39.346Z] >>> [apiv2][body] POST https://serviceusage.googleapis.com/v1beta1/projects/608372000714/services/pubsub.googleapis.com:generateServiceIdentity {}
[debug] [2025-08-10T05:33:39.346Z] >>> [apiv2][query] POST https://serviceusage.googleapis.com/v1beta1/projects/608372000714/services/eventarc.googleapis.com:generateServiceIdentity [none]
[debug] [2025-08-10T05:33:39.346Z] >>> [apiv2][(partial)header] POST https://serviceusage.googleapis.com/v1beta1/projects/608372000714/services/eventarc.googleapis.com:generateServiceIdentity x-goog-quota-user=projects/608372000714
[debug] [2025-08-10T05:33:39.346Z] >>> [apiv2][body] POST https://serviceusage.googleapis.com/v1beta1/projects/608372000714/services/eventarc.googleapis.com:generateServiceIdentity {}
[debug] [2025-08-10T05:33:39.739Z] <<< [apiv2][status] POST https://serviceusage.googleapis.com/v1beta1/projects/608372000714/services/pubsub.googleapis.com:generateServiceIdentity 200
[debug] [2025-08-10T05:33:39.739Z] <<< [apiv2][body] POST https://serviceusage.googleapis.com/v1beta1/projects/608372000714/services/pubsub.googleapis.com:generateServiceIdentity {"name":"operations/finished.DONE_OPERATION","done":true,"response":{"@type":"type.googleapis.com/google.api.serviceusage.v1beta1.ServiceIdentity","email":"service-608372000714@gcp-sa-pubsub.iam.gserviceaccount.com","uniqueId":"110145822438081097293"}}
[debug] [2025-08-10T05:33:39.740Z] <<< [apiv2][status] POST https://serviceusage.googleapis.com/v1beta1/projects/608372000714/services/eventarc.googleapis.com:generateServiceIdentity 200
[debug] [2025-08-10T05:33:39.740Z] <<< [apiv2][body] POST https://serviceusage.googleapis.com/v1beta1/projects/608372000714/services/eventarc.googleapis.com:generateServiceIdentity {"name":"operations/finished.DONE_OPERATION","done":true,"response":{"@type":"type.googleapis.com/google.api.serviceusage.v1beta1.ServiceIdentity","email":"service-608372000714@gcp-sa-eventarc.iam.gserviceaccount.com","uniqueId":"108227235559668748324"}}
[debug] [2025-08-10T05:33:39.741Z] Checked if tokens are valid: true, expires at: 1754807609481
[debug] [2025-08-10T05:33:39.741Z] Checked if tokens are valid: true, expires at: 1754807609481
[debug] [2025-08-10T05:33:39.741Z] >>> [apiv2][query] GET https://cloudresourcemanager.googleapis.com/v1/projects/dp-2025-test5-14cb28 [none]
[debug] [2025-08-10T05:33:39.943Z] <<< [apiv2][status] GET https://cloudresourcemanager.googleapis.com/v1/projects/dp-2025-test5-14cb28 200
[debug] [2025-08-10T05:33:39.943Z] <<< [apiv2][body] GET https://cloudresourcemanager.googleapis.com/v1/projects/dp-2025-test5-14cb28 {"projectNumber":"608372000714","projectId":"dp-2025-test5-14cb28","lifecycleState":"ACTIVE","name":"Test 5","labels":{"firebase":"enabled","firebase-core":"disabled"},"createTime":"2025-08-10T05:15:28.080620Z","parent":{"type":"organization","id":"846063889800"}}
[debug] [2025-08-10T05:33:39.944Z] Checked if tokens are valid: true, expires at: 1754807609481
[debug] [2025-08-10T05:33:39.944Z] Checked if tokens are valid: true, expires at: 1754807609481
[debug] [2025-08-10T05:33:39.944Z] >>> [apiv2][query] GET https://compute.googleapis.com/compute/v1/projects/608372000714 [none]
[debug] [2025-08-10T05:33:40.135Z] <<< [apiv2][status] GET https://compute.googleapis.com/compute/v1/projects/608372000714 403
[debug] [2025-08-10T05:33:40.136Z] <<< [apiv2][body] GET https://compute.googleapis.com/compute/v1/projects/608372000714 {"error":{"code":403,"message":"Compute Engine API has not been used in project 608372000714 before or it is disabled. Enable it by visiting https://console.developers.google.com/apis/api/compute.googleapis.com/overview?project=608372000714 then retry. If you enabled this API recently, wait a few minutes for the action to propagate to our systems and retry.","errors":[{"message":"Compute Engine API has not been used in project 608372000714 before or it is disabled. Enable it by visiting https://console.developers.google.com/apis/api/compute.googleapis.com/overview?project=608372000714 then retry. If you enabled this API recently, wait a few minutes for the action to propagate to our systems and retry.","domain":"usageLimits","reason":"accessNotConfigured","extendedHelp":"https://console.developers.google.com"}],"status":"PERMISSION_DENIED","details":[{"@type":"type.googleapis.com/google.rpc.ErrorInfo","reason":"SERVICE_DISABLED","domain":"googleapis.com","metadata":{"activationUrl":"https://console.developers.google.com/apis/api/compute.googleapis.com/overview?project=608372000714","consumer":"projects/608372000714","serviceTitle":"Compute Engine API","containerInfo":"608372000714","service":"compute.googleapis.com"}},{"@type":"type.googleapis.com/google.rpc.LocalizedMessage","locale":"en-US","message":"Compute Engine API has not been used in project 608372000714 before or it is disabled. Enable it by visiting https://console.developers.google.com/apis/api/compute.googleapis.com/overview?project=608372000714 then retry. If you enabled this API recently, wait a few minutes for the action to propagate to our systems and retry."},{"@type":"type.googleapis.com/google.rpc.Help","links":[{"description":"Google developers console API activation","url":"https://console.developers.google.com/apis/api/compute.googleapis.com/overview?project=608372000714"}]}]}}
[debug] [2025-08-10T05:33:40.137Z] unable to look up default compute service account. Falling back to 608372000714-compute@developer.gserviceaccount.com. Error: {"name":"FirebaseError","children":[],"context":{"body":{"error":{"code":403,"message":"Compute Engine API has not been used in project 608372000714 before or it is disabled. Enable it by visiting https://console.developers.google.com/apis/api/compute.googleapis.com/overview?project=608372000714 then retry. If you enabled this API recently, wait a few minutes for the action to propagate to our systems and retry.","errors":[{"message":"Compute Engine API has not been used in project 608372000714 before or it is disabled. Enable it by visiting https://console.developers.google.com/apis/api/compute.googleapis.com/overview?project=608372000714 then retry. If you enabled this API recently, wait a few minutes for the action to propagate to our systems and retry.","domain":"usageLimits","reason":"accessNotConfigured","extendedHelp":"https://console.developers.google.com"}],"status":"PERMISSION_DENIED","details":[{"@type":"type.googleapis.com/google.rpc.ErrorInfo","reason":"SERVICE_DISABLED","domain":"googleapis.com","metadata":{"activationUrl":"https://console.developers.google.com/apis/api/compute.googleapis.com/overview?project=608372000714","consumer":"projects/608372000714","serviceTitle":"Compute Engine API","containerInfo":"608372000714","service":"compute.googleapis.com"}},{"@type":"type.googleapis.com/google.rpc.LocalizedMessage","locale":"en-US","message":"Compute Engine API has not been used in project 608372000714 before or it is disabled. Enable it by visiting https://console.developers.google.com/apis/api/compute.googleapis.com/overview?project=608372000714 then retry. If you enabled this API recently, wait a few minutes for the action to propagate to our systems and retry."},{"@type":"type.googleapis.com/google.rpc.Help","links":[{"description":"Google developers console API activation","url":"https://console.developers.google.com/apis/api/compute.googleapis.com/overview?project=608372000714"}]}]}},"response":{"statusCode":403}},"exit":1,"message":"Request to https://compute.googleapis.com/compute/v1/projects/608372000714 had HTTP Error: 403, Compute Engine API has not been used in project 608372000714 before or it is disabled. Enable it by visiting https://console.developers.google.com/apis/api/compute.googleapis.com/overview?project=608372000714 then retry. If you enabled this API recently, wait a few minutes for the action to propagate to our systems and retry.","status":403}
[debug] [2025-08-10T05:33:40.137Z] Checked if tokens are valid: true, expires at: 1754807609481
[debug] [2025-08-10T05:33:40.137Z] Checked if tokens are valid: true, expires at: 1754807609481
[debug] [2025-08-10T05:33:40.137Z] >>> [apiv2][query] GET https://compute.googleapis.com/compute/v1/projects/608372000714 [none]
[debug] [2025-08-10T05:33:40.217Z] <<< [apiv2][status] GET https://compute.googleapis.com/compute/v1/projects/608372000714 403
[debug] [2025-08-10T05:33:40.217Z] <<< [apiv2][body] GET https://compute.googleapis.com/compute/v1/projects/608372000714 {"error":{"code":403,"message":"Compute Engine API has not been used in project 608372000714 before or it is disabled. Enable it by visiting https://console.developers.google.com/apis/api/compute.googleapis.com/overview?project=608372000714 then retry. If you enabled this API recently, wait a few minutes for the action to propagate to our systems and retry.","errors":[{"message":"Compute Engine API has not been used in project 608372000714 before or it is disabled. Enable it by visiting https://console.developers.google.com/apis/api/compute.googleapis.com/overview?project=608372000714 then retry. If you enabled this API recently, wait a few minutes for the action to propagate to our systems and retry.","domain":"usageLimits","reason":"accessNotConfigured","extendedHelp":"https://console.developers.google.com"}],"status":"PERMISSION_DENIED","details":[{"@type":"type.googleapis.com/google.rpc.ErrorInfo","reason":"SERVICE_DISABLED","domain":"googleapis.com","metadata":{"activationUrl":"https://console.developers.google.com/apis/api/compute.googleapis.com/overview?project=608372000714","consumer":"projects/608372000714","containerInfo":"608372000714","service":"compute.googleapis.com","serviceTitle":"Compute Engine API"}},{"@type":"type.googleapis.com/google.rpc.LocalizedMessage","locale":"en-US","message":"Compute Engine API has not been used in project 608372000714 before or it is disabled. Enable it by visiting https://console.developers.google.com/apis/api/compute.googleapis.com/overview?project=608372000714 then retry. If you enabled this API recently, wait a few minutes for the action to propagate to our systems and retry."},{"@type":"type.googleapis.com/google.rpc.Help","links":[{"description":"Google developers console API activation","url":"https://console.developers.google.com/apis/api/compute.googleapis.com/overview?project=608372000714"}]}]}}
[debug] [2025-08-10T05:33:40.218Z] unable to look up default compute service account. Falling back to 608372000714-compute@developer.gserviceaccount.com. Error: {"name":"FirebaseError","children":[],"context":{"body":{"error":{"code":403,"message":"Compute Engine API has not been used in project 608372000714 before or it is disabled. Enable it by visiting https://console.developers.google.com/apis/api/compute.googleapis.com/overview?project=608372000714 then retry. If you enabled this API recently, wait a few minutes for the action to propagate to our systems and retry.","errors":[{"message":"Compute Engine API has not been used in project 608372000714 before or it is disabled. Enable it by visiting https://console.developers.google.com/apis/api/compute.googleapis.com/overview?project=608372000714 then retry. If you enabled this API recently, wait a few minutes for the action to propagate to our systems and retry.","domain":"usageLimits","reason":"accessNotConfigured","extendedHelp":"https://console.developers.google.com"}],"status":"PERMISSION_DENIED","details":[{"@type":"type.googleapis.com/google.rpc.ErrorInfo","reason":"SERVICE_DISABLED","domain":"googleapis.com","metadata":{"activationUrl":"https://console.developers.google.com/apis/api/compute.googleapis.com/overview?project=608372000714","consumer":"projects/608372000714","containerInfo":"608372000714","service":"compute.googleapis.com","serviceTitle":"Compute Engine API"}},{"@type":"type.googleapis.com/google.rpc.LocalizedMessage","locale":"en-US","message":"Compute Engine API has not been used in project 608372000714 before or it is disabled. Enable it by visiting https://console.developers.google.com/apis/api/compute.googleapis.com/overview?project=608372000714 then retry. If you enabled this API recently, wait a few minutes for the action to propagate to our systems and retry."},{"@type":"type.googleapis.com/google.rpc.Help","links":[{"description":"Google developers console API activation","url":"https://console.developers.google.com/apis/api/compute.googleapis.com/overview?project=608372000714"}]}]}},"response":{"statusCode":403}},"exit":1,"message":"Request to https://compute.googleapis.com/compute/v1/projects/608372000714 had HTTP Error: 403, Compute Engine API has not been used in project 608372000714 before or it is disabled. Enable it by visiting https://console.developers.google.com/apis/api/compute.googleapis.com/overview?project=608372000714 then retry. If you enabled this API recently, wait a few minutes for the action to propagate to our systems and retry.","status":403}
[debug] [2025-08-10T05:33:40.220Z] Checked if tokens are valid: true, expires at: 1754807609481
[debug] [2025-08-10T05:33:40.220Z] Checked if tokens are valid: true, expires at: 1754807609481
[debug] [2025-08-10T05:33:40.220Z] >>> [apiv2][query] POST https://cloudfunctions.googleapis.com/v2/projects/dp-2025-test5-14cb28/locations/europe-west2/functions:generateUploadUrl [none]
[debug] [2025-08-10T05:33:40.883Z] <<< [apiv2][status] POST https://cloudfunctions.googleapis.com/v2/projects/dp-2025-test5-14cb28/locations/europe-west2/functions:generateUploadUrl 200
[debug] [2025-08-10T05:33:40.883Z] <<< [apiv2][body] POST https://cloudfunctions.googleapis.com/v2/projects/dp-2025-test5-14cb28/locations/europe-west2/functions:generateUploadUrl {"uploadUrl":"https://storage.googleapis.com/gcf-v2-uploads-608372000714.europe-west2.cloudfunctions.appspot.com/d0797830-5e2e-4ac3-ae29-25a7629cf06d.zip?GoogleAccessId=service-608372000714@gcf-admin-robot.iam.gserviceaccount.com&Expires=1754805755&Signature=A5RecbiPxQuCk97LEOUqLHOxJo7H7tpax16N4Y0NatnXM%2BD5XA9ijJQcM93aOpPz5phyzu3n3uR9mOIdMBuC4KDtKVUf0RBlmenJ1IbmLlhUuKJCN3XvP9e4mceAJQvFb3Y11CVLD%2BwOcmpgUmAoZsVAjKJJ2MPRQXPyi1%2Fi%2BctikSAO%2FNUPoOYnhkCiFEehup%2Fm2%2BeLeL%2BFT70JvALHatf2wayLxR%2Bdqwi8%2Bxja5BxcEDVS0fdxDkoJ5sKCoI7RIMeN%2BkY%2BnSSBmcFBWvVZFZ9xFcFYrOISX%2B06ST00rt9MtEpc6PWpweJ8oFAr%2FN3gpZDq0otDTKsC56wB%2BCFeEA%3D%3D","storageSource":{"bucket":"gcf-v2-uploads-608372000714.europe-west2.cloudfunctions.appspot.com","object":"d0797830-5e2e-4ac3-ae29-25a7629cf06d.zip"}}
[debug] [2025-08-10T05:33:40.885Z] >>> [apiv2][query] PUT https://storage.googleapis.com/gcf-v2-uploads-608372000714.europe-west2.cloudfunctions.appspot.com/d0797830-5e2e-4ac3-ae29-25a7629cf06d.zip GoogleAccessId=service-608372000714%40gcf-admin-robot.iam.gserviceaccount.com&Expires=1754805755&Signature=A5RecbiPxQuCk97LEOUqLHOxJo7H7tpax16N4Y0NatnXM%2BD5XA9ijJQcM93aOpPz5phyzu3n3uR9mOIdMBuC4KDtKVUf0RBlmenJ1IbmLlhUuKJCN3XvP9e4mceAJQvFb3Y11CVLD%2BwOcmpgUmAoZsVAjKJJ2MPRQXPyi1%2Fi%2BctikSAO%2FNUPoOYnhkCiFEehup%2Fm2%2BeLeL%2BFT70JvALHatf2wayLxR%2Bdqwi8%2Bxja5BxcEDVS0fdxDkoJ5sKCoI7RIMeN%2BkY%2BnSSBmcFBWvVZFZ9xFcFYrOISX%2B06ST00rt9MtEpc6PWpweJ8oFAr%2FN3gpZDq0otDTKsC56wB%2BCFeEA%3D%3D
[debug] [2025-08-10T05:33:40.885Z] >>> [apiv2][body] PUT https://storage.googleapis.com/gcf-v2-uploads-608372000714.europe-west2.cloudfunctions.appspot.com/d0797830-5e2e-4ac3-ae29-25a7629cf06d.zip [stream]
[debug] [2025-08-10T05:33:41.788Z] <<< [apiv2][status] PUT https://storage.googleapis.com/gcf-v2-uploads-608372000714.europe-west2.cloudfunctions.appspot.com/d0797830-5e2e-4ac3-ae29-25a7629cf06d.zip 200
[debug] [2025-08-10T05:33:41.788Z] <<< [apiv2][body] PUT https://storage.googleapis.com/gcf-v2-uploads-608372000714.europe-west2.cloudfunctions.appspot.com/d0797830-5e2e-4ac3-ae29-25a7629cf06d.zip [omitted]
[info] ✔  functions: . folder uploaded successfully 
[info] i  functions: updating Node.js 20 (2nd Gen) function testFunction2(europe-west2)... 
[debug] [2025-08-10T05:33:41.794Z] Checked if tokens are valid: true, expires at: 1754807609481
[debug] [2025-08-10T05:33:41.794Z] Checked if tokens are valid: true, expires at: 1754807609481
[debug] [2025-08-10T05:33:41.795Z] >>> [apiv2][query] PATCH https://cloudfunctions.googleapis.com/v2/projects/dp-2025-test5-14cb28/locations/europe-west2/functions/testFunction2 updateMask=name%2CbuildConfig.runtime%2CbuildConfig.entryPoint%2CbuildConfig.source.storageSource.bucket%2CbuildConfig.source.storageSource.object%2CbuildConfig.environmentVariables%2CbuildConfig.sourceToken%2CserviceConfig.environmentVariables%2CserviceConfig.ingressSettings%2CserviceConfig.timeoutSeconds%2CserviceConfig.serviceAccountEmail%2CserviceConfig.availableMemory%2CserviceConfig.minInstanceCount%2CserviceConfig.maxInstanceCount%2CserviceConfig.maxInstanceRequestConcurrency%2CserviceConfig.availableCpu%2CserviceConfig.vpcConnector%2CserviceConfig.vpcConnectorEgressSettings%2Clabels
[debug] [2025-08-10T05:33:41.795Z] >>> [apiv2][body] PATCH https://cloudfunctions.googleapis.com/v2/projects/dp-2025-test5-14cb28/locations/europe-west2/functions/testFunction2 {"name":"projects/dp-2025-test5-14cb28/locations/europe-west2/functions/testFunction2","buildConfig":{"runtime":"nodejs20","entryPoint":"testFunction2","source":{"storageSource":{"bucket":"gcf-v2-uploads-608372000714.europe-west2.cloudfunctions.appspot.com","object":"d0797830-5e2e-4ac3-ae29-25a7629cf06d.zip"}},"environmentVariables":{"GOOGLE_NODE_RUN_SCRIPTS":""}},"serviceConfig":{"environmentVariables":{"FIREBASE_CONFIG":"{\"projectId\":\"dp-2025-test5-14cb28\",\"storageBucket\":\"dp-2025-test5-14cb28.firebasestorage.app\"}","GCLOUD_PROJECT":"dp-2025-test5-14cb28","EVENTARC_CLOUD_EVENT_SOURCE":"projects/dp-2025-test5-14cb28/locations/europe-west2/services/testFunction2","FUNCTION_TARGET":"testFunction2","LOG_EXECUTION_ID":"true"},"ingressSettings":null,"timeoutSeconds":null,"serviceAccountEmail":null,"availableMemory":"256Mi","minInstanceCount":null,"maxInstanceCount":null,"maxInstanceRequestConcurrency":80,"availableCpu":"1","vpcConnector":null,"vpcConnectorEgressSettings":null},"labels":{"deployment-tool":"cli-firebase","firebase-functions-hash":"d664a9f0c0d1b72d83f8f338398af5c76b42ed15"}}
[debug] [2025-08-10T05:33:43.167Z] <<< [apiv2][status] PATCH https://cloudfunctions.googleapis.com/v2/projects/dp-2025-test5-14cb28/locations/europe-west2/functions/testFunction2 200
[debug] [2025-08-10T05:33:43.167Z] <<< [apiv2][body] PATCH https://cloudfunctions.googleapis.com/v2/projects/dp-2025-test5-14cb28/locations/europe-west2/functions/testFunction2 {"name":"projects/dp-2025-test5-14cb28/locations/europe-west2/operations/operation-1754803956755-63bfc227e2b54-643a51c6-c45b0c27","metadata":{"@type":"type.googleapis.com/google.cloud.functions.v2.OperationMetadata","createTime":"2025-08-10T05:32:37.551329019Z","target":"projects/dp-2025-test5-14cb28/locations/europe-west2/functions/testFunction2","verb":"update","cancelRequested":false,"apiVersion":"v2"},"done":false}
[debug] [2025-08-10T05:33:43.168Z] Checked if tokens are valid: true, expires at: 1754807609481
[debug] [2025-08-10T05:33:43.168Z] Checked if tokens are valid: true, expires at: 1754807609481
[debug] [2025-08-10T05:33:43.169Z] >>> [apiv2][query] GET https://cloudfunctions.googleapis.com/v2/projects/dp-2025-test5-14cb28/locations/europe-west2/operations/operation-1754803956755-63bfc227e2b54-643a51c6-c45b0c27 [none]
[debug] [2025-08-10T05:33:43.747Z] <<< [apiv2][status] GET https://cloudfunctions.googleapis.com/v2/projects/dp-2025-test5-14cb28/locations/europe-west2/operations/operation-1754803956755-63bfc227e2b54-643a51c6-c45b0c27 200
[debug] [2025-08-10T05:33:43.747Z] <<< [apiv2][body] GET https://cloudfunctions.googleapis.com/v2/projects/dp-2025-test5-14cb28/locations/europe-west2/operations/operation-1754803956755-63bfc227e2b54-643a51c6-c45b0c27 {"name":"projects/dp-2025-test5-14cb28/locations/europe-west2/operations/operation-1754803956755-63bfc227e2b54-643a51c6-c45b0c27","metadata":{"@type":"type.googleapis.com/google.cloud.functions.v2.OperationMetadata","createTime":"2025-08-10T05:32:37.551329019Z","target":"projects/dp-2025-test5-14cb28/locations/europe-west2/functions/testFunction2","verb":"update","cancelRequested":false,"apiVersion":"v2","requestResource":{"@type":"type.googleapis.com/google.cloud.functions.v2.Function","name":"projects/dp-2025-test5-14cb28/locations/europe-west2/functions/testFunction2","buildConfig":{"runtime":"nodejs20","entryPoint":"testFunction2","source":{"storageSource":{"bucket":"gcf-v2-sources-608372000714-europe-west2","object":"testFunction2/function-source.zip","generation":"1754803957510179"}},"environmentVariables":{"GOOGLE_NODE_RUN_SCRIPTS":""},"dockerRepository":"projects/dp-2025-test5-14cb28/locations/europe-west2/repositories/gcf-artifacts","sourceProvenance":{"resolvedStorageSource":{"bucket":"gcf-v2-sources-608372000714-europe-west2","object":"testFunction2/function-source.zip","generation":"1754803563007716"}},"dockerRegistry":"ARTIFACT_REGISTRY","serviceAccount":"projects/dp-2025-test5-14cb28/serviceAccounts/608372000714-compute@developer.gserviceaccount.com","automaticUpdatePolicy":{}},"serviceConfig":{"service":"projects/dp-2025-test5-14cb28/locations/europe-west2/services/testfunction2","timeoutSeconds":60,"environmentVariables":{"FIREBASE_CONFIG":"{\"projectId\":\"dp-2025-test5-14cb28\",\"storageBucket\":\"dp-2025-test5-14cb28.firebasestorage.app\"}","GCLOUD_PROJECT":"dp-2025-test5-14cb28","EVENTARC_CLOUD_EVENT_SOURCE":"projects/dp-2025-test5-14cb28/locations/europe-west2/services/testFunction2","FUNCTION_TARGET":"testFunction2","LOG_EXECUTION_ID":"true"},"ingressSettings":"ALLOW_ALL","serviceAccountEmail":"608372000714-compute@developer.gserviceaccount.com","availableMemory":"256Mi","maxInstanceRequestConcurrency":80,"availableCpu":"1"},"state":"FAILED","labels":{"firebase-functions-hash":"d664a9f0c0d1b72d83f8f338398af5c76b42ed15"},"stateMessages":[{"severity":"ERROR","type":"CloudRunServiceNotFound","message":"Cloud Run service projects/dp-2025-test5-14cb28/locations/europe-west2/services/testfunction2 for the function was not found. The function will not work correctly. Please redeploy."}],"environment":"GEN_2","url":"https://europe-west2-dp-2025-test5-14cb28.cloudfunctions.net/testFunction2","satisfiesPzs":true,"satisfiesPzi":true},"stages":[{"name":"BUILD","state":"NOT_STARTED"},{"name":"SERVICE","state":"NOT_STARTED"}],"operationType":"UPDATE_FUNCTION"},"done":false}
[debug] [2025-08-10T05:33:44.250Z] [update-default-europe-west2-testFunction2] Retrying task index 0
[debug] [2025-08-10T05:33:44.250Z] Checked if tokens are valid: true, expires at: 1754807609481
[debug] [2025-08-10T05:33:44.251Z] Checked if tokens are valid: true, expires at: 1754807609481
[debug] [2025-08-10T05:33:44.251Z] >>> [apiv2][query] GET https://cloudfunctions.googleapis.com/v2/projects/dp-2025-test5-14cb28/locations/europe-west2/operations/operation-1754803956755-63bfc227e2b54-643a51c6-c45b0c27 [none]
[debug] [2025-08-10T05:33:44.788Z] <<< [apiv2][status] GET https://cloudfunctions.googleapis.com/v2/projects/dp-2025-test5-14cb28/locations/europe-west2/operations/operation-1754803956755-63bfc227e2b54-643a51c6-c45b0c27 200
[debug] [2025-08-10T05:33:44.789Z] <<< [apiv2][body] GET https://cloudfunctions.googleapis.com/v2/projects/dp-2025-test5-14cb28/locations/europe-west2/operations/operation-1754803956755-63bfc227e2b54-643a51c6-c45b0c27 {"name":"projects/dp-2025-test5-14cb28/locations/europe-west2/operations/operation-1754803956755-63bfc227e2b54-643a51c6-c45b0c27","metadata":{"@type":"type.googleapis.com/google.cloud.functions.v2.OperationMetadata","createTime":"2025-08-10T05:32:37.551329019Z","target":"projects/dp-2025-test5-14cb28/locations/europe-west2/functions/testFunction2","verb":"update","cancelRequested":false,"apiVersion":"v2","requestResource":{"@type":"type.googleapis.com/google.cloud.functions.v2.Function","name":"projects/dp-2025-test5-14cb28/locations/europe-west2/functions/testFunction2","buildConfig":{"runtime":"nodejs20","entryPoint":"testFunction2","source":{"storageSource":{"bucket":"gcf-v2-sources-608372000714-europe-west2","object":"testFunction2/function-source.zip","generation":"1754803957510179"}},"environmentVariables":{"GOOGLE_NODE_RUN_SCRIPTS":""},"dockerRepository":"projects/dp-2025-test5-14cb28/locations/europe-west2/repositories/gcf-artifacts","sourceProvenance":{"resolvedStorageSource":{"bucket":"gcf-v2-sources-608372000714-europe-west2","object":"testFunction2/function-source.zip","generation":"1754803563007716"}},"dockerRegistry":"ARTIFACT_REGISTRY","serviceAccount":"projects/dp-2025-test5-14cb28/serviceAccounts/608372000714-compute@developer.gserviceaccount.com","automaticUpdatePolicy":{}},"serviceConfig":{"service":"projects/dp-2025-test5-14cb28/locations/europe-west2/services/testfunction2","timeoutSeconds":60,"environmentVariables":{"FIREBASE_CONFIG":"{\"projectId\":\"dp-2025-test5-14cb28\",\"storageBucket\":\"dp-2025-test5-14cb28.firebasestorage.app\"}","GCLOUD_PROJECT":"dp-2025-test5-14cb28","EVENTARC_CLOUD_EVENT_SOURCE":"projects/dp-2025-test5-14cb28/locations/europe-west2/services/testFunction2","FUNCTION_TARGET":"testFunction2","LOG_EXECUTION_ID":"true"},"ingressSettings":"ALLOW_ALL","serviceAccountEmail":"608372000714-compute@developer.gserviceaccount.com","availableMemory":"256Mi","maxInstanceRequestConcurrency":80,"availableCpu":"1"},"state":"FAILED","labels":{"firebase-functions-hash":"d664a9f0c0d1b72d83f8f338398af5c76b42ed15"},"stateMessages":[{"severity":"ERROR","type":"CloudRunServiceNotFound","message":"Cloud Run service projects/dp-2025-test5-14cb28/locations/europe-west2/services/testfunction2 for the function was not found. The function will not work correctly. Please redeploy."}],"environment":"GEN_2","url":"https://europe-west2-dp-2025-test5-14cb28.cloudfunctions.net/testFunction2","satisfiesPzs":true,"satisfiesPzi":true},"stages":[{"name":"BUILD","message":"Build in progress","state":"IN_PROGRESS","resource":"projects/608372000714/locations/europe-west2/builds/c77c1238-95cd-423e-8894-acfc195e62ab","resourceUri":"https://console.cloud.google.com/cloud-build/builds;region=europe-west2/c77c1238-95cd-423e-8894-acfc195e62ab?project=608372000714"},{"name":"SERVICE","state":"NOT_STARTED"}],"operationType":"UPDATE_FUNCTION","buildName":"projects/608372000714/locations/europe-west2/builds/c77c1238-95cd-423e-8894-acfc195e62ab"},"done":false}
[debug] [2025-08-10T05:33:45.790Z] [update-default-europe-west2-testFunction2] Retrying task index 0
[debug] [2025-08-10T05:33:45.790Z] Checked if tokens are valid: true, expires at: 1754807609481
[debug] [2025-08-10T05:33:45.790Z] Checked if tokens are valid: true, expires at: 1754807609481
[debug] [2025-08-10T05:33:45.790Z] >>> [apiv2][query] GET https://cloudfunctions.googleapis.com/v2/projects/dp-2025-test5-14cb28/locations/europe-west2/operations/operation-1754803956755-63bfc227e2b54-643a51c6-c45b0c27 [none]
[debug] [2025-08-10T05:33:46.336Z] <<< [apiv2][status] GET https://cloudfunctions.googleapis.com/v2/projects/dp-2025-test5-14cb28/locations/europe-west2/operations/operation-1754803956755-63bfc227e2b54-643a51c6-c45b0c27 200
[debug] [2025-08-10T05:33:46.337Z] <<< [apiv2][body] GET https://cloudfunctions.googleapis.com/v2/projects/dp-2025-test5-14cb28/locations/europe-west2/operations/operation-1754803956755-63bfc227e2b54-643a51c6-c45b0c27 {"name":"projects/dp-2025-test5-14cb28/locations/europe-west2/operations/operation-1754803956755-63bfc227e2b54-643a51c6-c45b0c27","metadata":{"@type":"type.googleapis.com/google.cloud.functions.v2.OperationMetadata","createTime":"2025-08-10T05:32:37.551329019Z","target":"projects/dp-2025-test5-14cb28/locations/europe-west2/functions/testFunction2","verb":"update","cancelRequested":false,"apiVersion":"v2","requestResource":{"@type":"type.googleapis.com/google.cloud.functions.v2.Function","name":"projects/dp-2025-test5-14cb28/locations/europe-west2/functions/testFunction2","buildConfig":{"runtime":"nodejs20","entryPoint":"testFunction2","source":{"storageSource":{"bucket":"gcf-v2-sources-608372000714-europe-west2","object":"testFunction2/function-source.zip","generation":"1754803957510179"}},"environmentVariables":{"GOOGLE_NODE_RUN_SCRIPTS":""},"dockerRepository":"projects/dp-2025-test5-14cb28/locations/europe-west2/repositories/gcf-artifacts","sourceProvenance":{"resolvedStorageSource":{"bucket":"gcf-v2-sources-608372000714-europe-west2","object":"testFunction2/function-source.zip","generation":"1754803563007716"}},"dockerRegistry":"ARTIFACT_REGISTRY","serviceAccount":"projects/dp-2025-test5-14cb28/serviceAccounts/608372000714-compute@developer.gserviceaccount.com","automaticUpdatePolicy":{}},"serviceConfig":{"service":"projects/dp-2025-test5-14cb28/locations/europe-west2/services/testfunction2","timeoutSeconds":60,"environmentVariables":{"FIREBASE_CONFIG":"{\"projectId\":\"dp-2025-test5-14cb28\",\"storageBucket\":\"dp-2025-test5-14cb28.firebasestorage.app\"}","GCLOUD_PROJECT":"dp-2025-test5-14cb28","EVENTARC_CLOUD_EVENT_SOURCE":"projects/dp-2025-test5-14cb28/locations/europe-west2/services/testFunction2","FUNCTION_TARGET":"testFunction2","LOG_EXECUTION_ID":"true"},"ingressSettings":"ALLOW_ALL","serviceAccountEmail":"608372000714-compute@developer.gserviceaccount.com","availableMemory":"256Mi","maxInstanceRequestConcurrency":80,"availableCpu":"1"},"state":"FAILED","labels":{"firebase-functions-hash":"d664a9f0c0d1b72d83f8f338398af5c76b42ed15"},"stateMessages":[{"severity":"ERROR","type":"CloudRunServiceNotFound","message":"Cloud Run service projects/dp-2025-test5-14cb28/locations/europe-west2/services/testfunction2 for the function was not found. The function will not work correctly. Please redeploy."}],"environment":"GEN_2","url":"https://europe-west2-dp-2025-test5-14cb28.cloudfunctions.net/testFunction2","satisfiesPzs":true,"satisfiesPzi":true},"stages":[{"name":"BUILD","message":"Build in progress","state":"IN_PROGRESS","resource":"projects/608372000714/locations/europe-west2/builds/c77c1238-95cd-423e-8894-acfc195e62ab","resourceUri":"https://console.cloud.google.com/cloud-build/builds;region=europe-west2/c77c1238-95cd-423e-8894-acfc195e62ab?project=608372000714"},{"name":"SERVICE","state":"NOT_STARTED"}],"operationType":"UPDATE_FUNCTION","buildName":"projects/608372000714/locations/europe-west2/builds/c77c1238-95cd-423e-8894-acfc195e62ab"},"done":false}
[debug] [2025-08-10T05:33:48.337Z] [update-default-europe-west2-testFunction2] Retrying task index 0
[debug] [2025-08-10T05:33:48.338Z] Checked if tokens are valid: true, expires at: 1754807609481
[debug] [2025-08-10T05:33:48.338Z] Checked if tokens are valid: true, expires at: 1754807609481
[debug] [2025-08-10T05:33:48.339Z] >>> [apiv2][query] GET https://cloudfunctions.googleapis.com/v2/projects/dp-2025-test5-14cb28/locations/europe-west2/operations/operation-1754803956755-63bfc227e2b54-643a51c6-c45b0c27 [none]
[debug] [2025-08-10T05:33:48.923Z] <<< [apiv2][status] GET https://cloudfunctions.googleapis.com/v2/projects/dp-2025-test5-14cb28/locations/europe-west2/operations/operation-1754803956755-63bfc227e2b54-643a51c6-c45b0c27 200
[debug] [2025-08-10T05:33:48.923Z] <<< [apiv2][body] GET https://cloudfunctions.googleapis.com/v2/projects/dp-2025-test5-14cb28/locations/europe-west2/operations/operation-1754803956755-63bfc227e2b54-643a51c6-c45b0c27 {"name":"projects/dp-2025-test5-14cb28/locations/europe-west2/operations/operation-1754803956755-63bfc227e2b54-643a51c6-c45b0c27","metadata":{"@type":"type.googleapis.com/google.cloud.functions.v2.OperationMetadata","createTime":"2025-08-10T05:32:37.551329019Z","target":"projects/dp-2025-test5-14cb28/locations/europe-west2/functions/testFunction2","verb":"update","cancelRequested":false,"apiVersion":"v2","requestResource":{"@type":"type.googleapis.com/google.cloud.functions.v2.Function","name":"projects/dp-2025-test5-14cb28/locations/europe-west2/functions/testFunction2","buildConfig":{"runtime":"nodejs20","entryPoint":"testFunction2","source":{"storageSource":{"bucket":"gcf-v2-sources-608372000714-europe-west2","object":"testFunction2/function-source.zip","generation":"1754803957510179"}},"environmentVariables":{"GOOGLE_NODE_RUN_SCRIPTS":""},"dockerRepository":"projects/dp-2025-test5-14cb28/locations/europe-west2/repositories/gcf-artifacts","sourceProvenance":{"resolvedStorageSource":{"bucket":"gcf-v2-sources-608372000714-europe-west2","object":"testFunction2/function-source.zip","generation":"1754803563007716"}},"dockerRegistry":"ARTIFACT_REGISTRY","serviceAccount":"projects/dp-2025-test5-14cb28/serviceAccounts/608372000714-compute@developer.gserviceaccount.com","automaticUpdatePolicy":{}},"serviceConfig":{"service":"projects/dp-2025-test5-14cb28/locations/europe-west2/services/testfunction2","timeoutSeconds":60,"environmentVariables":{"FIREBASE_CONFIG":"{\"projectId\":\"dp-2025-test5-14cb28\",\"storageBucket\":\"dp-2025-test5-14cb28.firebasestorage.app\"}","GCLOUD_PROJECT":"dp-2025-test5-14cb28","EVENTARC_CLOUD_EVENT_SOURCE":"projects/dp-2025-test5-14cb28/locations/europe-west2/services/testFunction2","FUNCTION_TARGET":"testFunction2","LOG_EXECUTION_ID":"true"},"ingressSettings":"ALLOW_ALL","serviceAccountEmail":"608372000714-compute@developer.gserviceaccount.com","availableMemory":"256Mi","maxInstanceRequestConcurrency":80,"availableCpu":"1"},"state":"FAILED","labels":{"firebase-functions-hash":"d664a9f0c0d1b72d83f8f338398af5c76b42ed15"},"stateMessages":[{"severity":"ERROR","type":"CloudRunServiceNotFound","message":"Cloud Run service projects/dp-2025-test5-14cb28/locations/europe-west2/services/testfunction2 for the function was not found. The function will not work correctly. Please redeploy."}],"environment":"GEN_2","url":"https://europe-west2-dp-2025-test5-14cb28.cloudfunctions.net/testFunction2","satisfiesPzs":true,"satisfiesPzi":true},"stages":[{"name":"BUILD","message":"Build in progress","state":"IN_PROGRESS","resource":"projects/608372000714/locations/europe-west2/builds/c77c1238-95cd-423e-8894-acfc195e62ab","resourceUri":"https://console.cloud.google.com/cloud-build/builds;region=europe-west2/c77c1238-95cd-423e-8894-acfc195e62ab?project=608372000714"},{"name":"SERVICE","state":"NOT_STARTED"}],"operationType":"UPDATE_FUNCTION","buildName":"projects/608372000714/locations/europe-west2/builds/c77c1238-95cd-423e-8894-acfc195e62ab"},"done":false}
[debug] [2025-08-10T05:33:52.925Z] [update-default-europe-west2-testFunction2] Retrying task index 0
[debug] [2025-08-10T05:33:52.925Z] Checked if tokens are valid: true, expires at: 1754807609481
[debug] [2025-08-10T05:33:52.925Z] Checked if tokens are valid: true, expires at: 1754807609481
[debug] [2025-08-10T05:33:52.926Z] >>> [apiv2][query] GET https://cloudfunctions.googleapis.com/v2/projects/dp-2025-test5-14cb28/locations/europe-west2/operations/operation-1754803956755-63bfc227e2b54-643a51c6-c45b0c27 [none]
[debug] [2025-08-10T05:33:53.470Z] <<< [apiv2][status] GET https://cloudfunctions.googleapis.com/v2/projects/dp-2025-test5-14cb28/locations/europe-west2/operations/operation-1754803956755-63bfc227e2b54-643a51c6-c45b0c27 200
[debug] [2025-08-10T05:33:53.470Z] <<< [apiv2][body] GET https://cloudfunctions.googleapis.com/v2/projects/dp-2025-test5-14cb28/locations/europe-west2/operations/operation-1754803956755-63bfc227e2b54-643a51c6-c45b0c27 {"name":"projects/dp-2025-test5-14cb28/locations/europe-west2/operations/operation-1754803956755-63bfc227e2b54-643a51c6-c45b0c27","metadata":{"@type":"type.googleapis.com/google.cloud.functions.v2.OperationMetadata","createTime":"2025-08-10T05:32:37.551329019Z","target":"projects/dp-2025-test5-14cb28/locations/europe-west2/functions/testFunction2","verb":"update","cancelRequested":false,"apiVersion":"v2","requestResource":{"@type":"type.googleapis.com/google.cloud.functions.v2.Function","name":"projects/dp-2025-test5-14cb28/locations/europe-west2/functions/testFunction2","buildConfig":{"runtime":"nodejs20","entryPoint":"testFunction2","source":{"storageSource":{"bucket":"gcf-v2-sources-608372000714-europe-west2","object":"testFunction2/function-source.zip","generation":"1754803957510179"}},"environmentVariables":{"GOOGLE_NODE_RUN_SCRIPTS":""},"dockerRepository":"projects/dp-2025-test5-14cb28/locations/europe-west2/repositories/gcf-artifacts","sourceProvenance":{"resolvedStorageSource":{"bucket":"gcf-v2-sources-608372000714-europe-west2","object":"testFunction2/function-source.zip","generation":"1754803563007716"}},"dockerRegistry":"ARTIFACT_REGISTRY","serviceAccount":"projects/dp-2025-test5-14cb28/serviceAccounts/608372000714-compute@developer.gserviceaccount.com","automaticUpdatePolicy":{}},"serviceConfig":{"service":"projects/dp-2025-test5-14cb28/locations/europe-west2/services/testfunction2","timeoutSeconds":60,"environmentVariables":{"FIREBASE_CONFIG":"{\"projectId\":\"dp-2025-test5-14cb28\",\"storageBucket\":\"dp-2025-test5-14cb28.firebasestorage.app\"}","GCLOUD_PROJECT":"dp-2025-test5-14cb28","EVENTARC_CLOUD_EVENT_SOURCE":"projects/dp-2025-test5-14cb28/locations/europe-west2/services/testFunction2","FUNCTION_TARGET":"testFunction2","LOG_EXECUTION_ID":"true"},"ingressSettings":"ALLOW_ALL","serviceAccountEmail":"608372000714-compute@developer.gserviceaccount.com","availableMemory":"256Mi","maxInstanceRequestConcurrency":80,"availableCpu":"1"},"state":"FAILED","labels":{"firebase-functions-hash":"d664a9f0c0d1b72d83f8f338398af5c76b42ed15"},"stateMessages":[{"severity":"ERROR","type":"CloudRunServiceNotFound","message":"Cloud Run service projects/dp-2025-test5-14cb28/locations/europe-west2/services/testfunction2 for the function was not found. The function will not work correctly. Please redeploy."}],"environment":"GEN_2","url":"https://europe-west2-dp-2025-test5-14cb28.cloudfunctions.net/testFunction2","satisfiesPzs":true,"satisfiesPzi":true},"stages":[{"name":"BUILD","message":"Build in progress","state":"IN_PROGRESS","resource":"projects/608372000714/locations/europe-west2/builds/c77c1238-95cd-423e-8894-acfc195e62ab","resourceUri":"https://console.cloud.google.com/cloud-build/builds;region=europe-west2/c77c1238-95cd-423e-8894-acfc195e62ab?project=608372000714"},{"name":"SERVICE","state":"NOT_STARTED"}],"operationType":"UPDATE_FUNCTION","buildName":"projects/608372000714/locations/europe-west2/builds/c77c1238-95cd-423e-8894-acfc195e62ab"},"done":false}
[debug] [2025-08-10T05:34:01.471Z] [update-default-europe-west2-testFunction2] Retrying task index 0
[debug] [2025-08-10T05:34:01.472Z] Checked if tokens are valid: true, expires at: 1754807609481
[debug] [2025-08-10T05:34:01.472Z] Checked if tokens are valid: true, expires at: 1754807609481
[debug] [2025-08-10T05:34:01.472Z] >>> [apiv2][query] GET https://cloudfunctions.googleapis.com/v2/projects/dp-2025-test5-14cb28/locations/europe-west2/operations/operation-1754803956755-63bfc227e2b54-643a51c6-c45b0c27 [none]
[debug] [2025-08-10T05:34:02.183Z] <<< [apiv2][status] GET https://cloudfunctions.googleapis.com/v2/projects/dp-2025-test5-14cb28/locations/europe-west2/operations/operation-1754803956755-63bfc227e2b54-643a51c6-c45b0c27 200
[debug] [2025-08-10T05:34:02.183Z] <<< [apiv2][body] GET https://cloudfunctions.googleapis.com/v2/projects/dp-2025-test5-14cb28/locations/europe-west2/operations/operation-1754803956755-63bfc227e2b54-643a51c6-c45b0c27 {"name":"projects/dp-2025-test5-14cb28/locations/europe-west2/operations/operation-1754803956755-63bfc227e2b54-643a51c6-c45b0c27","metadata":{"@type":"type.googleapis.com/google.cloud.functions.v2.OperationMetadata","createTime":"2025-08-10T05:32:37.551329019Z","endTime":"2025-08-10T05:32:53.520236658Z","target":"projects/dp-2025-test5-14cb28/locations/europe-west2/functions/testFunction2","verb":"update","cancelRequested":false,"apiVersion":"v2","requestResource":{"@type":"type.googleapis.com/google.cloud.functions.v2.Function","name":"projects/dp-2025-test5-14cb28/locations/europe-west2/functions/testFunction2","buildConfig":{"runtime":"nodejs20","entryPoint":"testFunction2","source":{"storageSource":{"bucket":"gcf-v2-sources-608372000714-europe-west2","object":"testFunction2/function-source.zip","generation":"1754803957510179"}},"environmentVariables":{"GOOGLE_NODE_RUN_SCRIPTS":""},"dockerRepository":"projects/dp-2025-test5-14cb28/locations/europe-west2/repositories/gcf-artifacts","sourceProvenance":{"resolvedStorageSource":{"bucket":"gcf-v2-sources-608372000714-europe-west2","object":"testFunction2/function-source.zip","generation":"1754803563007716"}},"dockerRegistry":"ARTIFACT_REGISTRY","serviceAccount":"projects/dp-2025-test5-14cb28/serviceAccounts/608372000714-compute@developer.gserviceaccount.com","automaticUpdatePolicy":{}},"serviceConfig":{"service":"projects/dp-2025-test5-14cb28/locations/europe-west2/services/testfunction2","timeoutSeconds":60,"environmentVariables":{"FIREBASE_CONFIG":"{\"projectId\":\"dp-2025-test5-14cb28\",\"storageBucket\":\"dp-2025-test5-14cb28.firebasestorage.app\"}","GCLOUD_PROJECT":"dp-2025-test5-14cb28","EVENTARC_CLOUD_EVENT_SOURCE":"projects/dp-2025-test5-14cb28/locations/europe-west2/services/testFunction2","FUNCTION_TARGET":"testFunction2","LOG_EXECUTION_ID":"true"},"ingressSettings":"ALLOW_ALL","serviceAccountEmail":"608372000714-compute@developer.gserviceaccount.com","availableMemory":"256Mi","maxInstanceRequestConcurrency":80,"availableCpu":"1"},"state":"FAILED","labels":{"firebase-functions-hash":"d664a9f0c0d1b72d83f8f338398af5c76b42ed15"},"stateMessages":[{"severity":"ERROR","type":"CloudRunServiceNotFound","message":"Cloud Run service projects/dp-2025-test5-14cb28/locations/europe-west2/services/testfunction2 for the function was not found. The function will not work correctly. Please redeploy."}],"environment":"GEN_2","url":"https://europe-west2-dp-2025-test5-14cb28.cloudfunctions.net/testFunction2","satisfiesPzs":true,"satisfiesPzi":true},"stages":[{"name":"SERVICE","state":"NOT_STARTED"}],"operationType":"UPDATE_FUNCTION"},"done":true,"error":{"code":3,"message":"Build failed with status: FAILURE. Could not build the function due to a missing permission on the build service account. If you didn't revoke that permission explicitly, this could be caused by a change in the organization policies. Please refer to the following documentation for more details and resolution: https://cloud.google.com/functions/docs/troubleshooting#build-service-account\n You can also view the logs at https://console.cloud.google.com/cloud-build/builds;region=europe-west2/c77c1238-95cd-423e-8894-acfc195e62ab?project=608372000714.\n"}}
[debug] [2025-08-10T05:34:02.183Z] Got source token undefined for region europe-west2
[error] Build failed with status: FAILURE. Could not build the function due to a missing permission on the build service account. If you didn't revoke that permission explicitly, this could be caused by a change in the organization policies. Please refer to the following documentation for more details and resolution: https://cloud.google.com/functions/docs/troubleshooting#build-service-account
 You can also view the logs at https://console.cloud.google.com/cloud-build/builds;region=europe-west2/c77c1238-95cd-423e-8894-acfc195e62ab?project=608372000714.

[debug] [2025-08-10T05:34:02.188Z] Total Function Deployment time: 20394
[debug] [2025-08-10T05:34:02.188Z] 1 Functions Deployed
[debug] [2025-08-10T05:34:02.188Z] 1 Functions Errored
[debug] [2025-08-10T05:34:02.188Z] 0 Function Deployments Aborted
[debug] [2025-08-10T05:34:02.189Z] Average Function Deployment time: 20393
[info] 
[info] Functions deploy had errors with the following functions:
	testFunction2(europe-west2)
[debug] [2025-08-10T05:34:02.189Z] Not printing URL for HTTPS function. Typically this means it didn't match a filter or we failed deployment
[debug] [2025-08-10T05:34:02.190Z] Checked if tokens are valid: true, expires at: 1754807609481
[debug] [2025-08-10T05:34:02.190Z] Checked if tokens are valid: true, expires at: 1754807609481
[debug] [2025-08-10T05:34:02.190Z] >>> [apiv2][query] GET https://artifactregistry.googleapis.com/v1/projects/dp-2025-test5-14cb28/locations/europe-west2/repositories/gcf-artifacts [none]
[debug] [2025-08-10T05:34:02.928Z] <<< [apiv2][status] GET https://artifactregistry.googleapis.com/v1/projects/dp-2025-test5-14cb28/locations/europe-west2/repositories/gcf-artifacts 200
[debug] [2025-08-10T05:34:02.928Z] <<< [apiv2][body] GET https://artifactregistry.googleapis.com/v1/projects/dp-2025-test5-14cb28/locations/europe-west2/repositories/gcf-artifacts {"name":"projects/dp-2025-test5-14cb28/locations/europe-west2/repositories/gcf-artifacts","format":"DOCKER","description":"This repository is created and used by Cloud Functions for storing function docker images.","labels":{"goog-managed-by":"cloudfunctions"},"createTime":"2025-08-10T05:26:13.258736Z","updateTime":"2025-08-10T05:26:36.676361Z","mode":"STANDARD_REPOSITORY","cleanupPolicies":{"firebase-functions-cleanup":{"id":"firebase-functions-cleanup","action":"DELETE","condition":{"tagState":"ANY","olderThan":"86400s"}}},"satisfiesPzs":true,"vulnerabilityScanningConfig":{"lastEnableTime":"2025-08-10T05:26:03.732094958Z","enablementState":"SCANNING_DISABLED","enablementStateReason":"API containerscanning.googleapis.com is not enabled."},"satisfiesPzi":true,"registryUri":"europe-west2-docker.pkg.dev/dp-2025-test5-14cb28/gcf-artifacts"}
[debug] [2025-08-10T05:34:02.928Z] Functions deploy failed.
[debug] [2025-08-10T05:34:02.928Z] {
  "endpoint": {
    "id": "testFunction2",
    "project": "dp-2025-test5-14cb28",
    "region": "europe-west2",
    "entryPoint": "testFunction2",
    "platform": "gcfv2",
    "runtime": "nodejs20",
    "httpsTrigger": {},
    "labels": {
      "deployment-tool": "cli-firebase"
    },
    "serviceAccount": null,
    "ingressSettings": null,
    "availableMemoryMb": null,
    "timeoutSeconds": null,
    "maxInstances": null,
    "minInstances": null,
    "concurrency": 80,
    "vpc": null,
    "environmentVariables": {
      "FIREBASE_CONFIG": "{\"projectId\":\"dp-2025-test5-14cb28\",\"storageBucket\":\"dp-2025-test5-14cb28.firebasestorage.app\"}",
      "GCLOUD_PROJECT": "dp-2025-test5-14cb28",
      "EVENTARC_CLOUD_EVENT_SOURCE": "projects/dp-2025-test5-14cb28/locations/europe-west2/services/testFunction2"
    },
    "codebase": "default",
    "securityLevel": "SECURE_ALWAYS",
    "cpu": 1,
    "targetedByOnly": false,
    "hash": "d664a9f0c0d1b72d83f8f338398af5c76b42ed15"
  },
  "op": "update",
  "original": {
    "name": "FirebaseError",
    "children": [],
    "exit": 1,
    "message": "Build failed with status: FAILURE. Could not build the function due to a missing permission on the build service account. If you didn't revoke that permission explicitly, this could be caused by a change in the organization policies. Please refer to the following documentation for more details and resolution: https://cloud.google.com/functions/docs/troubleshooting#build-service-account\n You can also view the logs at https://console.cloud.google.com/cloud-build/builds;region=europe-west2/c77c1238-95cd-423e-8894-acfc195e62ab?project=608372000714.\n",
    "original": {
      "code": 3,
      "message": "Build failed with status: FAILURE. Could not build the function due to a missing permission on the build service account. If you didn't revoke that permission explicitly, this could be caused by a change in the organization policies. Please refer to the following documentation for more details and resolution: https://cloud.google.com/functions/docs/troubleshooting#build-service-account\n You can also view the logs at https://console.cloud.google.com/cloud-build/builds;region=europe-west2/c77c1238-95cd-423e-8894-acfc195e62ab?project=608372000714.\n"
    },
    "status": 3,
    "code": 3
  }
}
[debug] [2025-08-10T05:34:02.929Z] Error: Failed to update function testFunction2 in region europe-west2
    at /opt/homebrew/lib/node_modules/firebase-tools/lib/deploy/functions/release/fabricator.js:399:19
    at process.processTicksAndRejections (node:internal/process/task_queues:105:5)
    at async Fabricator.updateV2Function (/opt/homebrew/lib/node_modules/firebase-tools/lib/deploy/functions/release/fabricator.js:388:32)
    at async Fabricator.updateEndpoint (/opt/homebrew/lib/node_modules/firebase-tools/lib/deploy/functions/release/fabricator.js:155:13)
    at async handle (/opt/homebrew/lib/node_modules/firebase-tools/lib/deploy/functions/release/fabricator.js:89:17)
[error] 
[error] Error: There was an error deploying functions
[debug] [2025-08-10T05:42:36.940Z] ----------------------------------------------------------------------
[debug] [2025-08-10T05:42:36.942Z] Command:       /opt/homebrew/Cellar/node/22.9.0/bin/node /opt/homebrew/bin/firebase deploy --only functions
[debug] [2025-08-10T05:42:36.942Z] CLI Version:   14.12.0
[debug] [2025-08-10T05:42:36.942Z] Platform:      darwin
[debug] [2025-08-10T05:42:36.942Z] Node Version:  v22.9.0
[debug] [2025-08-10T05:42:36.943Z] Time:          Sun Aug 10 2025 01:42:36 GMT-0400 (Eastern Daylight Time)
[debug] [2025-08-10T05:42:36.943Z] ----------------------------------------------------------------------
[debug] 
[debug] [2025-08-10T05:42:37.047Z] > command requires scopes: ["email","openid","https://www.googleapis.com/auth/cloudplatformprojects.readonly","https://www.googleapis.com/auth/firebase","https://www.googleapis.com/auth/cloud-platform"]
[debug] [2025-08-10T05:42:37.047Z] > authorizing via signed-in user (saqib@dineplatform.com)
[debug] [2025-08-10T05:42:37.047Z] [iam] checking project dp-2025-test5-14cb28 for permissions ["cloudfunctions.functions.create","cloudfunctions.functions.delete","cloudfunctions.functions.get","cloudfunctions.functions.list","cloudfunctions.functions.update","cloudfunctions.operations.get","firebase.projects.get"]
[debug] [2025-08-10T05:42:37.048Z] No OAuth tokens found
[debug] [2025-08-10T05:42:37.048Z] No OAuth tokens found
[debug] [2025-08-10T05:42:37.048Z] > refreshing access token with scopes: []
[debug] [2025-08-10T05:42:37.049Z] >>> [apiv2][query] POST https://www.googleapis.com/oauth2/v3/token [none]
[debug] [2025-08-10T05:42:37.049Z] >>> [apiv2][body] POST https://www.googleapis.com/oauth2/v3/token [omitted]
[debug] [2025-08-10T05:42:37.277Z] <<< [apiv2][status] POST https://www.googleapis.com/oauth2/v3/token 200
[debug] [2025-08-10T05:42:37.278Z] <<< [apiv2][body] POST https://www.googleapis.com/oauth2/v3/token [omitted]
[debug] [2025-08-10T05:42:37.288Z] >>> [apiv2][query] POST https://cloudresourcemanager.googleapis.com/v1/projects/dp-2025-test5-14cb28:testIamPermissions [none]
[debug] [2025-08-10T05:42:37.288Z] >>> [apiv2][(partial)header] POST https://cloudresourcemanager.googleapis.com/v1/projects/dp-2025-test5-14cb28:testIamPermissions x-goog-quota-user=projects/dp-2025-test5-14cb28
[debug] [2025-08-10T05:42:37.288Z] >>> [apiv2][body] POST https://cloudresourcemanager.googleapis.com/v1/projects/dp-2025-test5-14cb28:testIamPermissions {"permissions":["cloudfunctions.functions.create","cloudfunctions.functions.delete","cloudfunctions.functions.get","cloudfunctions.functions.list","cloudfunctions.functions.update","cloudfunctions.operations.get","firebase.projects.get"]}
[debug] [2025-08-10T05:42:37.509Z] <<< [apiv2][status] POST https://cloudresourcemanager.googleapis.com/v1/projects/dp-2025-test5-14cb28:testIamPermissions 200
[debug] [2025-08-10T05:42:37.509Z] <<< [apiv2][body] POST https://cloudresourcemanager.googleapis.com/v1/projects/dp-2025-test5-14cb28:testIamPermissions {"permissions":["cloudfunctions.functions.create","cloudfunctions.functions.delete","cloudfunctions.functions.get","cloudfunctions.functions.list","cloudfunctions.functions.update","cloudfunctions.operations.get","firebase.projects.get"]}
[debug] [2025-08-10T05:42:37.510Z] Checked if tokens are valid: true, expires at: 1754808156278
[debug] [2025-08-10T05:42:37.510Z] Checked if tokens are valid: true, expires at: 1754808156278
[debug] [2025-08-10T05:42:37.510Z] >>> [apiv2][query] POST https://iam.googleapis.com/v1/projects/dp-2025-test5-14cb28/serviceAccounts/dp-2025-test5-14cb28@appspot.gserviceaccount.com:testIamPermissions [none]
[debug] [2025-08-10T05:42:37.510Z] >>> [apiv2][body] POST https://iam.googleapis.com/v1/projects/dp-2025-test5-14cb28/serviceAccounts/dp-2025-test5-14cb28@appspot.gserviceaccount.com:testIamPermissions {"permissions":["iam.serviceAccounts.actAs"]}
[debug] [2025-08-10T05:42:37.850Z] <<< [apiv2][status] POST https://iam.googleapis.com/v1/projects/dp-2025-test5-14cb28/serviceAccounts/dp-2025-test5-14cb28@appspot.gserviceaccount.com:testIamPermissions 200
[debug] [2025-08-10T05:42:37.850Z] <<< [apiv2][body] POST https://iam.googleapis.com/v1/projects/dp-2025-test5-14cb28/serviceAccounts/dp-2025-test5-14cb28@appspot.gserviceaccount.com:testIamPermissions {"permissions":["iam.serviceAccounts.actAs"]}
[info] 
[info] === Deploying to 'dp-2025-test5-14cb28'...
[info] 
[info] i  deploying functions 
[debug] [2025-08-10T05:42:37.856Z] Checked if tokens are valid: true, expires at: 1754808156278
[debug] [2025-08-10T05:42:37.856Z] Checked if tokens are valid: true, expires at: 1754808156278
[debug] [2025-08-10T05:42:37.856Z] >>> [apiv2][query] GET https://cloudresourcemanager.googleapis.com/v1/projects/dp-2025-test5-14cb28 [none]
[debug] [2025-08-10T05:42:38.000Z] <<< [apiv2][status] GET https://cloudresourcemanager.googleapis.com/v1/projects/dp-2025-test5-14cb28 200
[debug] [2025-08-10T05:42:38.001Z] <<< [apiv2][body] GET https://cloudresourcemanager.googleapis.com/v1/projects/dp-2025-test5-14cb28 {"projectNumber":"608372000714","projectId":"dp-2025-test5-14cb28","lifecycleState":"ACTIVE","name":"Test 5","labels":{"firebase":"enabled","firebase-core":"disabled"},"createTime":"2025-08-10T05:15:28.080620Z","parent":{"type":"organization","id":"846063889800"}}
[info] i  functions: preparing codebase default for deployment 
[info] i  functions: ensuring required API cloudfunctions.googleapis.com is enabled... 
[info] i  functions: ensuring required API cloudbuild.googleapis.com is enabled... 
[info] i  artifactregistry: ensuring required API artifactregistry.googleapis.com is enabled... 
[debug] [2025-08-10T05:42:38.004Z] Checked if tokens are valid: true, expires at: 1754808156278
[debug] [2025-08-10T05:42:38.004Z] Checked if tokens are valid: true, expires at: 1754808156278
[debug] [2025-08-10T05:42:38.004Z] >>> [apiv2][query] GET https://firebase.googleapis.com/v1beta1/projects/dp-2025-test5-14cb28/adminSdkConfig [none]
[debug] [2025-08-10T05:42:38.341Z] <<< [apiv2][status] GET https://firebase.googleapis.com/v1beta1/projects/dp-2025-test5-14cb28/adminSdkConfig 200
[debug] [2025-08-10T05:42:38.341Z] <<< [apiv2][body] GET https://firebase.googleapis.com/v1beta1/projects/dp-2025-test5-14cb28/adminSdkConfig {"projectId":"dp-2025-test5-14cb28","storageBucket":"dp-2025-test5-14cb28.firebasestorage.app"}
[debug] [2025-08-10T05:42:38.342Z] Checked if tokens are valid: true, expires at: 1754808156278
[debug] [2025-08-10T05:42:38.342Z] Checked if tokens are valid: true, expires at: 1754808156278
[debug] [2025-08-10T05:42:38.342Z] >>> [apiv2][query] GET https://runtimeconfig.googleapis.com/v1beta1/projects/dp-2025-test5-14cb28/configs [none]
[debug] [2025-08-10T05:42:38.595Z] <<< [apiv2][status] GET https://runtimeconfig.googleapis.com/v1beta1/projects/dp-2025-test5-14cb28/configs 200
[debug] [2025-08-10T05:42:38.596Z] <<< [apiv2][body] GET https://runtimeconfig.googleapis.com/v1beta1/projects/dp-2025-test5-14cb28/configs {}
[debug] [2025-08-10T05:42:38.598Z] Validating nodejs source
[warn] ⚠  functions: package.json indicates an outdated version of firebase-functions. Please upgrade using npm install --save firebase-functions@latest in your functions directory. 
[warn] ⚠  functions: Please note that there will be breaking changes when you upgrade. 
[debug] [2025-08-10T05:42:39.287Z] > [functions] package.json contents: {
  "name": "test-function",
  "version": "1.0.0",
  "main": "index.js",
  "engines": {
    "node": "20"
  },
  "dependencies": {
    "firebase-functions": "^5.1.1"
  }
}
[debug] [2025-08-10T05:42:39.287Z] Building nodejs source
[info] i  functions: Loading and analyzing source code for codebase default to determine what to deploy 
[info] i  functions: You are using a version of firebase-functions SDK (4.9.0) that does not have support for the newest Firebase Extensions features. Please update firebase-functions SDK to >=5.1.0 to use them correctly 
[debug] [2025-08-10T05:42:39.288Z] Could not find functions.yaml. Must use http discovery
[debug] [2025-08-10T05:42:39.297Z] Found firebase-functions binary at '/Users/saqib/Documents/GitHub/instance-functions/test-cf/node_modules/.bin/firebase-functions'
[info] Serving at port 8516

[debug] [2025-08-10T05:42:39.529Z] Got response from /__/functions.yaml {"endpoints":{"testFunction2":{"availableMemoryMb":null,"timeoutSeconds":null,"minInstances":null,"maxInstances":null,"ingressSettings":null,"concurrency":null,"serviceAccountEmail":null,"vpc":null,"platform":"gcfv2","region":["europe-west2"],"labels":{},"httpsTrigger":{},"entryPoint":"testFunction2"}},"specVersion":"v1alpha1","requiredAPIs":[]}
[info] i  functions: preparing . directory for uploading... 
[info] i  functions: packaged /Users/saqib/Documents/GitHub/instance-functions/test-cf (31.31 KB) for uploading 
[debug] [2025-08-10T05:42:43.585Z] Checked if tokens are valid: true, expires at: 1754808156278
[debug] [2025-08-10T05:42:43.585Z] Checked if tokens are valid: true, expires at: 1754808156278
[debug] [2025-08-10T05:42:43.585Z] >>> [apiv2][query] GET https://cloudfunctions.googleapis.com/v1/projects/dp-2025-test5-14cb28/locations/-/functions [none]
[debug] [2025-08-10T05:42:44.203Z] <<< [apiv2][status] GET https://cloudfunctions.googleapis.com/v1/projects/dp-2025-test5-14cb28/locations/-/functions 200
[debug] [2025-08-10T05:42:44.203Z] <<< [apiv2][body] GET https://cloudfunctions.googleapis.com/v1/projects/dp-2025-test5-14cb28/locations/-/functions {}
[debug] [2025-08-10T05:42:44.204Z] Checked if tokens are valid: true, expires at: 1754808156278
[debug] [2025-08-10T05:42:44.204Z] Checked if tokens are valid: true, expires at: 1754808156278
[debug] [2025-08-10T05:42:44.205Z] >>> [apiv2][query] GET https://cloudfunctions.googleapis.com/v2/projects/dp-2025-test5-14cb28/locations/-/functions filter=environment%3D%22GEN_2%22
[debug] [2025-08-10T05:42:44.717Z] <<< [apiv2][status] GET https://cloudfunctions.googleapis.com/v2/projects/dp-2025-test5-14cb28/locations/-/functions 200
[debug] [2025-08-10T05:42:44.717Z] <<< [apiv2][body] GET https://cloudfunctions.googleapis.com/v2/projects/dp-2025-test5-14cb28/locations/-/functions {"functions":[{"name":"projects/dp-2025-test5-14cb28/locations/europe-west2/functions/testFunction2","buildConfig":{"build":"projects/608372000714/locations/europe-west2/builds/c4b990c5-2fdb-427b-8a6c-f93693caa6c1","runtime":"nodejs20","entryPoint":"testFunction2","source":{"storageSource":{"bucket":"gcf-v2-sources-608372000714-europe-west2","object":"testFunction2/function-source.zip","generation":"1754803563007716"}},"environmentVariables":{"GOOGLE_NODE_RUN_SCRIPTS":""},"dockerRepository":"projects/dp-2025-test5-14cb28/locations/europe-west2/repositories/gcf-artifacts","sourceProvenance":{"resolvedStorageSource":{"bucket":"gcf-v2-sources-608372000714-europe-west2","object":"testFunction2/function-source.zip","generation":"1754803563007716"}},"dockerRegistry":"ARTIFACT_REGISTRY","serviceAccount":"projects/dp-2025-test5-14cb28/serviceAccounts/608372000714-compute@developer.gserviceaccount.com","automaticUpdatePolicy":{}},"state":"UNKNOWN","updateTime":"2025-08-10T05:32:53.529508308Z","labels":{"firebase-functions-hash":"d664a9f0c0d1b72d83f8f338398af5c76b42ed15","deployment-tool":"cli-firebase"},"stateMessages":[{"severity":"ERROR","type":"CloudRunServiceNotFound","message":"Cloud Run service projects/dp-2025-test5-14cb28/locations/europe-west2/services/testfunction2 for the function was not found. The function will not work correctly. Please redeploy."}],"environment":"GEN_2","url":"https://europe-west2-dp-2025-test5-14cb28.cloudfunctions.net/testFunction2","satisfiesPzs":true,"createTime":"2025-08-10T05:26:03.528113585Z","satisfiesPzi":true}]}
[info] i  functions: ensuring required API run.googleapis.com is enabled... 
[info] i  functions: ensuring required API eventarc.googleapis.com is enabled... 
[info] i  functions: ensuring required API pubsub.googleapis.com is enabled... 
[info] i  functions: ensuring required API storage.googleapis.com is enabled... 
[info] i  functions: generating the service identity for pubsub.googleapis.com... 
[debug] [2025-08-10T05:42:44.722Z] Checked if tokens are valid: true, expires at: 1754808156278
[debug] [2025-08-10T05:42:44.722Z] Checked if tokens are valid: true, expires at: 1754808156278
[info] i  functions: generating the service identity for eventarc.googleapis.com... 
[debug] [2025-08-10T05:42:44.722Z] Checked if tokens are valid: true, expires at: 1754808156278
[debug] [2025-08-10T05:42:44.722Z] Checked if tokens are valid: true, expires at: 1754808156278
[debug] [2025-08-10T05:42:44.722Z] >>> [apiv2][query] POST https://serviceusage.googleapis.com/v1beta1/projects/608372000714/services/pubsub.googleapis.com:generateServiceIdentity [none]
[debug] [2025-08-10T05:42:44.723Z] >>> [apiv2][(partial)header] POST https://serviceusage.googleapis.com/v1beta1/projects/608372000714/services/pubsub.googleapis.com:generateServiceIdentity x-goog-quota-user=projects/608372000714
[debug] [2025-08-10T05:42:44.723Z] >>> [apiv2][body] POST https://serviceusage.googleapis.com/v1beta1/projects/608372000714/services/pubsub.googleapis.com:generateServiceIdentity {}
[debug] [2025-08-10T05:42:44.725Z] >>> [apiv2][query] POST https://serviceusage.googleapis.com/v1beta1/projects/608372000714/services/eventarc.googleapis.com:generateServiceIdentity [none]
[debug] [2025-08-10T05:42:44.725Z] >>> [apiv2][(partial)header] POST https://serviceusage.googleapis.com/v1beta1/projects/608372000714/services/eventarc.googleapis.com:generateServiceIdentity x-goog-quota-user=projects/608372000714
[debug] [2025-08-10T05:42:44.725Z] >>> [apiv2][body] POST https://serviceusage.googleapis.com/v1beta1/projects/608372000714/services/eventarc.googleapis.com:generateServiceIdentity {}
[debug] [2025-08-10T05:42:45.286Z] <<< [apiv2][status] POST https://serviceusage.googleapis.com/v1beta1/projects/608372000714/services/eventarc.googleapis.com:generateServiceIdentity 200
[debug] [2025-08-10T05:42:45.286Z] <<< [apiv2][body] POST https://serviceusage.googleapis.com/v1beta1/projects/608372000714/services/eventarc.googleapis.com:generateServiceIdentity {"name":"operations/finished.DONE_OPERATION","done":true,"response":{"@type":"type.googleapis.com/google.api.serviceusage.v1beta1.ServiceIdentity","email":"service-608372000714@gcp-sa-eventarc.iam.gserviceaccount.com","uniqueId":"108227235559668748324"}}
[debug] [2025-08-10T05:42:45.317Z] <<< [apiv2][status] POST https://serviceusage.googleapis.com/v1beta1/projects/608372000714/services/pubsub.googleapis.com:generateServiceIdentity 200
[debug] [2025-08-10T05:42:45.317Z] <<< [apiv2][body] POST https://serviceusage.googleapis.com/v1beta1/projects/608372000714/services/pubsub.googleapis.com:generateServiceIdentity {"name":"operations/finished.DONE_OPERATION","done":true,"response":{"@type":"type.googleapis.com/google.api.serviceusage.v1beta1.ServiceIdentity","email":"service-608372000714@gcp-sa-pubsub.iam.gserviceaccount.com","uniqueId":"110145822438081097293"}}
[debug] [2025-08-10T05:42:45.320Z] Checked if tokens are valid: true, expires at: 1754808156278
[debug] [2025-08-10T05:42:45.320Z] Checked if tokens are valid: true, expires at: 1754808156278
[debug] [2025-08-10T05:42:45.320Z] >>> [apiv2][query] GET https://cloudresourcemanager.googleapis.com/v1/projects/dp-2025-test5-14cb28 [none]
[debug] [2025-08-10T05:42:45.538Z] <<< [apiv2][status] GET https://cloudresourcemanager.googleapis.com/v1/projects/dp-2025-test5-14cb28 200
[debug] [2025-08-10T05:42:45.539Z] <<< [apiv2][body] GET https://cloudresourcemanager.googleapis.com/v1/projects/dp-2025-test5-14cb28 {"projectNumber":"608372000714","projectId":"dp-2025-test5-14cb28","lifecycleState":"ACTIVE","name":"Test 5","labels":{"firebase":"enabled","firebase-core":"disabled"},"createTime":"2025-08-10T05:15:28.080620Z","parent":{"type":"organization","id":"846063889800"}}
[debug] [2025-08-10T05:42:45.540Z] Checked if tokens are valid: true, expires at: 1754808156278
[debug] [2025-08-10T05:42:45.540Z] Checked if tokens are valid: true, expires at: 1754808156278
[debug] [2025-08-10T05:42:45.540Z] >>> [apiv2][query] GET https://compute.googleapis.com/compute/v1/projects/608372000714 [none]
[debug] [2025-08-10T05:42:45.734Z] <<< [apiv2][status] GET https://compute.googleapis.com/compute/v1/projects/608372000714 403
[debug] [2025-08-10T05:42:45.734Z] <<< [apiv2][body] GET https://compute.googleapis.com/compute/v1/projects/608372000714 {"error":{"code":403,"message":"Compute Engine API has not been used in project 608372000714 before or it is disabled. Enable it by visiting https://console.developers.google.com/apis/api/compute.googleapis.com/overview?project=608372000714 then retry. If you enabled this API recently, wait a few minutes for the action to propagate to our systems and retry.","errors":[{"message":"Compute Engine API has not been used in project 608372000714 before or it is disabled. Enable it by visiting https://console.developers.google.com/apis/api/compute.googleapis.com/overview?project=608372000714 then retry. If you enabled this API recently, wait a few minutes for the action to propagate to our systems and retry.","domain":"usageLimits","reason":"accessNotConfigured","extendedHelp":"https://console.developers.google.com"}],"status":"PERMISSION_DENIED","details":[{"@type":"type.googleapis.com/google.rpc.ErrorInfo","reason":"SERVICE_DISABLED","domain":"googleapis.com","metadata":{"service":"compute.googleapis.com","activationUrl":"https://console.developers.google.com/apis/api/compute.googleapis.com/overview?project=608372000714","containerInfo":"608372000714","consumer":"projects/608372000714","serviceTitle":"Compute Engine API"}},{"@type":"type.googleapis.com/google.rpc.LocalizedMessage","locale":"en-US","message":"Compute Engine API has not been used in project 608372000714 before or it is disabled. Enable it by visiting https://console.developers.google.com/apis/api/compute.googleapis.com/overview?project=608372000714 then retry. If you enabled this API recently, wait a few minutes for the action to propagate to our systems and retry."},{"@type":"type.googleapis.com/google.rpc.Help","links":[{"description":"Google developers console API activation","url":"https://console.developers.google.com/apis/api/compute.googleapis.com/overview?project=608372000714"}]}]}}
[debug] [2025-08-10T05:42:45.736Z] unable to look up default compute service account. Falling back to 608372000714-compute@developer.gserviceaccount.com. Error: {"name":"FirebaseError","children":[],"context":{"body":{"error":{"code":403,"message":"Compute Engine API has not been used in project 608372000714 before or it is disabled. Enable it by visiting https://console.developers.google.com/apis/api/compute.googleapis.com/overview?project=608372000714 then retry. If you enabled this API recently, wait a few minutes for the action to propagate to our systems and retry.","errors":[{"message":"Compute Engine API has not been used in project 608372000714 before or it is disabled. Enable it by visiting https://console.developers.google.com/apis/api/compute.googleapis.com/overview?project=608372000714 then retry. If you enabled this API recently, wait a few minutes for the action to propagate to our systems and retry.","domain":"usageLimits","reason":"accessNotConfigured","extendedHelp":"https://console.developers.google.com"}],"status":"PERMISSION_DENIED","details":[{"@type":"type.googleapis.com/google.rpc.ErrorInfo","reason":"SERVICE_DISABLED","domain":"googleapis.com","metadata":{"service":"compute.googleapis.com","activationUrl":"https://console.developers.google.com/apis/api/compute.googleapis.com/overview?project=608372000714","containerInfo":"608372000714","consumer":"projects/608372000714","serviceTitle":"Compute Engine API"}},{"@type":"type.googleapis.com/google.rpc.LocalizedMessage","locale":"en-US","message":"Compute Engine API has not been used in project 608372000714 before or it is disabled. Enable it by visiting https://console.developers.google.com/apis/api/compute.googleapis.com/overview?project=608372000714 then retry. If you enabled this API recently, wait a few minutes for the action to propagate to our systems and retry."},{"@type":"type.googleapis.com/google.rpc.Help","links":[{"description":"Google developers console API activation","url":"https://console.developers.google.com/apis/api/compute.googleapis.com/overview?project=608372000714"}]}]}},"response":{"statusCode":403}},"exit":1,"message":"Request to https://compute.googleapis.com/compute/v1/projects/608372000714 had HTTP Error: 403, Compute Engine API has not been used in project 608372000714 before or it is disabled. Enable it by visiting https://console.developers.google.com/apis/api/compute.googleapis.com/overview?project=608372000714 then retry. If you enabled this API recently, wait a few minutes for the action to propagate to our systems and retry.","status":403}
[debug] [2025-08-10T05:42:45.737Z] Checked if tokens are valid: true, expires at: 1754808156278
[debug] [2025-08-10T05:42:45.737Z] Checked if tokens are valid: true, expires at: 1754808156278
[debug] [2025-08-10T05:42:45.737Z] >>> [apiv2][query] GET https://compute.googleapis.com/compute/v1/projects/608372000714 [none]
[debug] [2025-08-10T05:42:45.811Z] <<< [apiv2][status] GET https://compute.googleapis.com/compute/v1/projects/608372000714 403
[debug] [2025-08-10T05:42:45.811Z] <<< [apiv2][body] GET https://compute.googleapis.com/compute/v1/projects/608372000714 {"error":{"code":403,"message":"Compute Engine API has not been used in project 608372000714 before or it is disabled. Enable it by visiting https://console.developers.google.com/apis/api/compute.googleapis.com/overview?project=608372000714 then retry. If you enabled this API recently, wait a few minutes for the action to propagate to our systems and retry.","errors":[{"message":"Compute Engine API has not been used in project 608372000714 before or it is disabled. Enable it by visiting https://console.developers.google.com/apis/api/compute.googleapis.com/overview?project=608372000714 then retry. If you enabled this API recently, wait a few minutes for the action to propagate to our systems and retry.","domain":"usageLimits","reason":"accessNotConfigured","extendedHelp":"https://console.developers.google.com"}],"status":"PERMISSION_DENIED","details":[{"@type":"type.googleapis.com/google.rpc.ErrorInfo","reason":"SERVICE_DISABLED","domain":"googleapis.com","metadata":{"serviceTitle":"Compute Engine API","containerInfo":"608372000714","consumer":"projects/608372000714","service":"compute.googleapis.com","activationUrl":"https://console.developers.google.com/apis/api/compute.googleapis.com/overview?project=608372000714"}},{"@type":"type.googleapis.com/google.rpc.LocalizedMessage","locale":"en-US","message":"Compute Engine API has not been used in project 608372000714 before or it is disabled. Enable it by visiting https://console.developers.google.com/apis/api/compute.googleapis.com/overview?project=608372000714 then retry. If you enabled this API recently, wait a few minutes for the action to propagate to our systems and retry."},{"@type":"type.googleapis.com/google.rpc.Help","links":[{"description":"Google developers console API activation","url":"https://console.developers.google.com/apis/api/compute.googleapis.com/overview?project=608372000714"}]}]}}
[debug] [2025-08-10T05:42:45.812Z] unable to look up default compute service account. Falling back to 608372000714-compute@developer.gserviceaccount.com. Error: {"name":"FirebaseError","children":[],"context":{"body":{"error":{"code":403,"message":"Compute Engine API has not been used in project 608372000714 before or it is disabled. Enable it by visiting https://console.developers.google.com/apis/api/compute.googleapis.com/overview?project=608372000714 then retry. If you enabled this API recently, wait a few minutes for the action to propagate to our systems and retry.","errors":[{"message":"Compute Engine API has not been used in project 608372000714 before or it is disabled. Enable it by visiting https://console.developers.google.com/apis/api/compute.googleapis.com/overview?project=608372000714 then retry. If you enabled this API recently, wait a few minutes for the action to propagate to our systems and retry.","domain":"usageLimits","reason":"accessNotConfigured","extendedHelp":"https://console.developers.google.com"}],"status":"PERMISSION_DENIED","details":[{"@type":"type.googleapis.com/google.rpc.ErrorInfo","reason":"SERVICE_DISABLED","domain":"googleapis.com","metadata":{"serviceTitle":"Compute Engine API","containerInfo":"608372000714","consumer":"projects/608372000714","service":"compute.googleapis.com","activationUrl":"https://console.developers.google.com/apis/api/compute.googleapis.com/overview?project=608372000714"}},{"@type":"type.googleapis.com/google.rpc.LocalizedMessage","locale":"en-US","message":"Compute Engine API has not been used in project 608372000714 before or it is disabled. Enable it by visiting https://console.developers.google.com/apis/api/compute.googleapis.com/overview?project=608372000714 then retry. If you enabled this API recently, wait a few minutes for the action to propagate to our systems and retry."},{"@type":"type.googleapis.com/google.rpc.Help","links":[{"description":"Google developers console API activation","url":"https://console.developers.google.com/apis/api/compute.googleapis.com/overview?project=608372000714"}]}]}},"response":{"statusCode":403}},"exit":1,"message":"Request to https://compute.googleapis.com/compute/v1/projects/608372000714 had HTTP Error: 403, Compute Engine API has not been used in project 608372000714 before or it is disabled. Enable it by visiting https://console.developers.google.com/apis/api/compute.googleapis.com/overview?project=608372000714 then retry. If you enabled this API recently, wait a few minutes for the action to propagate to our systems and retry.","status":403}
[info] i  functions: updating Node.js 20 (2nd Gen) function testFunction2(europe-west2)... 
[debug] [2025-08-10T05:42:45.815Z] Precondition failed. Cannot update a GCFv2 function without storage
[debug] [2025-08-10T05:42:45.816Z] Total Function Deployment time: 1
[debug] [2025-08-10T05:42:45.817Z] 1 Functions Deployed
[debug] [2025-08-10T05:42:45.817Z] 1 Functions Errored
[debug] [2025-08-10T05:42:45.817Z] 0 Function Deployments Aborted
[debug] [2025-08-10T05:42:45.817Z] Average Function Deployment time: 0
[info] 
[info] Functions deploy had errors with the following functions:
	testFunction2(europe-west2)
[debug] [2025-08-10T05:42:45.818Z] Not printing URL for HTTPS function. Typically this means it didn't match a filter or we failed deployment
[debug] [2025-08-10T05:42:45.818Z] Checked if tokens are valid: true, expires at: 1754808156278
[debug] [2025-08-10T05:42:45.818Z] Checked if tokens are valid: true, expires at: 1754808156278
[debug] [2025-08-10T05:42:45.818Z] >>> [apiv2][query] GET https://artifactregistry.googleapis.com/v1/projects/dp-2025-test5-14cb28/locations/europe-west2/repositories/gcf-artifacts [none]
[debug] [2025-08-10T05:42:46.523Z] <<< [apiv2][status] GET https://artifactregistry.googleapis.com/v1/projects/dp-2025-test5-14cb28/locations/europe-west2/repositories/gcf-artifacts 200
[debug] [2025-08-10T05:42:46.523Z] <<< [apiv2][body] GET https://artifactregistry.googleapis.com/v1/projects/dp-2025-test5-14cb28/locations/europe-west2/repositories/gcf-artifacts {"name":"projects/dp-2025-test5-14cb28/locations/europe-west2/repositories/gcf-artifacts","format":"DOCKER","description":"This repository is created and used by Cloud Functions for storing function docker images.","labels":{"goog-managed-by":"cloudfunctions"},"createTime":"2025-08-10T05:26:13.258736Z","updateTime":"2025-08-10T05:26:36.676361Z","mode":"STANDARD_REPOSITORY","cleanupPolicies":{"firebase-functions-cleanup":{"id":"firebase-functions-cleanup","action":"DELETE","condition":{"tagState":"ANY","olderThan":"86400s"}}},"satisfiesPzs":true,"vulnerabilityScanningConfig":{"lastEnableTime":"2025-08-10T05:26:03.732094958Z","enablementState":"SCANNING_DISABLED","enablementStateReason":"API containerscanning.googleapis.com is not enabled."},"satisfiesPzi":true,"registryUri":"europe-west2-docker.pkg.dev/dp-2025-test5-14cb28/gcf-artifacts"}
[debug] [2025-08-10T05:42:46.523Z] Functions deploy failed.
[debug] [2025-08-10T05:42:46.523Z] {}
[debug] [2025-08-10T05:42:46.525Z] Error: Precondition failed
    at Fabricator.updateV2Function (/opt/homebrew/lib/node_modules/firebase-tools/lib/deploy/functions/release/fabricator.js:382:19)
    at Fabricator.updateEndpoint (/opt/homebrew/lib/node_modules/firebase-tools/lib/deploy/functions/release/fabricator.js:155:24)
    at /opt/homebrew/lib/node_modules/firebase-tools/lib/deploy/functions/release/fabricator.js:110:71
    at handle (/opt/homebrew/lib/node_modules/firebase-tools/lib/deploy/functions/release/fabricator.js:89:23)
    at Fabricator.applyChangeset (/opt/homebrew/lib/node_modules/firebase-tools/lib/deploy/functions/release/fabricator.js:110:26)
    at /opt/homebrew/lib/node_modules/firebase-tools/lib/deploy/functions/release/fabricator.js:69:40
    at Array.map (<anonymous>)
    at Fabricator.applyPlan (/opt/homebrew/lib/node_modules/firebase-tools/lib/deploy/functions/release/fabricator.js:68:54)
    at release (/opt/homebrew/lib/node_modules/firebase-tools/lib/deploy/functions/release/index.js:76:31)
    at process.processTicksAndRejections (node:internal/process/task_queues:105:5)
[error] 
[error] Error: There was an error deploying functions
